#
# A fatal error has been detected by the Java Runtime Environment:
#
#  SIGBUS (0xa) at pc=0x000000010e2780da, pid=14934, tid=33539
#
# JRE version: OpenJDK Runtime Environment Temurin-18.0.1+10 (18.0.1+10) (build 18.0.1+10)
# Java VM: OpenJDK 64-Bit Server VM Temurin-18.0.1+10 (18.0.1+10, mixed mode, emulated-client, tiered, compressed oops, compressed class ptrs, g1 gc, bsd-amd64)
# Problematic frame:
# V  [libjvm.dylib+0x4670da]  _ZN20G1ParScanThreadState22copy_to_survivor_spaceE16G1HeapRegionAttrP7oopDesc8markWord+0x3a
#
# No core dump will be written. Core dumps have been disabled. To enable core dumping, try "ulimit -c unlimited" before starting Java again
#
# If you would like to submit a bug report, please visit:
#   https://github.com/adoptium/adoptium-support/issues
#

---------------  S U M M A R Y ------------

Command Line: -XX:+ShowCodeDetailsInExceptionMessages -agentlib:jdwp=transport=dt_socket,suspend=y,address=localhost:60848 -Dcom.sun.management.jmxremote -Dcom.sun.management.jmxremote.port=60847 -Dcom.sun.management.jmxremote.authenticate=false -Dcom.sun.management.jmxremote.ssl=false -Djava.rmi.server.hostname=localhost -Dspring.jmx.enabled=true -Dspring.application.admin.enabled=true -Djava.security.egd=file:/dev/./urandom -XX:TieredStopAtLevel=1 -Dspring.boot.project.name=ReadingIsGood -javaagent:/Users/cem.dirman/eclipse/jee-2022-03/Eclipse.app/Contents/Eclipse/configuration/org.eclipse.osgi/412/0/.cp/lib/javaagent-shaded.jar -Dfile.encoding=UTF-8 com.bookshop.ReadingIsGoodApplication

Host: "Macmini9,1" x86_64 (EMULATED) 2400 MHz, 8 cores, 16G, Darwin 21.5.0, macOS 10.16 (21F79)
Time: Thu May 26 23:30:29 2022 +03 elapsed time: 75226.029529 seconds (0d 20h 53m 46s)

---------------  T H R E A D  ---------------

Current thread (0x00007f9e0b11c7d0):  WorkerThread "GC Thread#4" [stack: 0x000000030ec66000,0x000000030ed66000] [id=33539]

Stack: [0x000000030ec66000,0x000000030ed66000],  sp=0x000000030ed646d0,  free space=1017k
Native frames: (J=compiled Java code, j=interpreted, Vv=VM code, C=native code)
V  [libjvm.dylib+0x4670da]  _ZN20G1ParScanThreadState22copy_to_survivor_spaceE16G1HeapRegionAttrP7oopDesc8markWord+0x3a
V  [libjvm.dylib+0x482f85]  _ZN16G1ParCopyClosureIL9G1Barrier0ELb0EE11do_oop_workIP7oopDescEEvPT_+0xe5
V  [libjvm.dylib+0x41155e]  _ZN17SignatureIterator16do_parameters_onI28InterpretedArgumentOopFinderEEvPT_+0xee
V  [libjvm.dylib+0x410a17]  _ZNK5frame19oops_interpreted_doEP10OopClosurePK11RegisterMapb+0x277
V  [libjvm.dylib+0xa80996]  _ZN10JavaThread14oops_do_framesEP10OopClosureP15CodeBlobClosure+0xc6
V  [libjvm.dylib+0xa85bf3]  _ZN27ParallelOopsDoThreadClosure9do_threadEP6Thread+0x63
V  [libjvm.dylib+0xa820f5]  _ZN7Threads28possibly_parallel_threads_doEbP13ThreadClosure+0x85
V  [libjvm.dylib+0xa842d4]  _ZN7Threads25possibly_parallel_oops_doEbP10OopClosureP15CodeBlobClosure+0x24
V  [libjvm.dylib+0x485353]  _ZN15G1RootProcessor18process_java_rootsEP14G1RootClosuresP14G1GCPhaseTimesj+0x63
V  [libjvm.dylib+0x48526c]  _ZN15G1RootProcessor14evacuate_rootsEP20G1ParScanThreadStatej+0x5c
V  [libjvm.dylib+0x48ddbf]  _ZN21G1EvacuateRegionsTask10scan_rootsEP20G1ParScanThreadStatej+0x1f
V  [libjvm.dylib+0x48dca5]  _ZN25G1EvacuateRegionsBaseTask4workEj+0x75
V  [libjvm.dylib+0xb2d160]  _ZN12WorkerThread3runEv+0x70
V  [libjvm.dylib+0xa7d16f]  _ZN6Thread8call_runEv+0xcf
V  [libjvm.dylib+0x8ac35b]  _ZL19thread_native_entryP6Thread+0x14b
C  [libsystem_pthread.dylib+0x64e1]  _pthread_start+0x7d
C  [libsystem_pthread.dylib+0x1f6b]  thread_start+0xf

JavaThread 0x00007f9e0bac2200 (nid = 78963) was being processed
Java frames: (J=compiled Java code, j=interpreted, Vv=VM code)
j  java.lang.invoke.DirectMethodHandle$Holder.newInvokeSpecial(Ljava/lang/Object;Ljava/lang/Object;)Ljava/lang/Object;+16 java.base@18.0.1
J 2313 c1 java.lang.invoke.LambdaForm$MH+0x00000008000c1800.invoke(Ljava/lang/Object;Ljava/lang/Object;)Ljava/lang/Object; java.base@18.0.1 (35 bytes) @ 0x00000001143d0354 [0x00000001143d0260+0x00000000000000f4]
J 1663 c1 jdk.internal.reflect.DirectConstructorHandleAccessor.newInstance([Ljava/lang/Object;)Ljava/lang/Object; java.base@18.0.1 (148 bytes) @ 0x00000001142b18b4 [0x00000001142b1440+0x0000000000000474]
J 1661 c1 java.lang.reflect.Constructor.newInstanceWithCaller([Ljava/lang/Object;ZLjava/lang/Class;)Ljava/lang/Object; java.base@18.0.1 (51 bytes) @ 0x00000001142b09fc [0x00000001142b0940+0x00000000000000bc]
J 3034 c1 org.springframework.beans.BeanUtils.instantiateClass(Ljava/lang/reflect/Constructor;[Ljava/lang/Object;)Ljava/lang/Object; (187 bytes) @ 0x0000000114530164 [0x000000011452fd40+0x0000000000000424]
J 9562 c1 org.springframework.beans.factory.support.SimpleInstantiationStrategy.instantiate(Lorg/springframework/beans/factory/support/RootBeanDefinition;Ljava/lang/String;Lorg/springframework/beans/factory/BeanFactory;Ljava/lang/reflect/Constructor;[Ljava/lang/Object;)Ljava/lang/Object; (44 bytes) @ 0x0000000115091094 [0x0000000115090fe0+0x00000000000000b4]
J 9561 c1 org.springframework.beans.factory.support.ConstructorResolver.instantiate(Ljava/lang/String;Lorg/springframework/beans/factory/support/RootBeanDefinition;Ljava/lang/reflect/Constructor;[Ljava/lang/Object;)Ljava/lang/Object; (75 bytes) @ 0x00000001150909a4 [0x00000001150908e0+0x00000000000000c4]
J 9557 c1 org.springframework.beans.factory.support.ConstructorResolver.autowireConstructor(Ljava/lang/String;Lorg/springframework/beans/factory/support/RootBeanDefinition;[Ljava/lang/reflect/Constructor;[Ljava/lang/Object;)Lorg/springframework/beans/BeanWrapper; (991 bytes) @ 0x00000001150898fc [0x0000000115087980+0x0000000000001f7c]
J 5414 c1 org.springframework.beans.factory.support.AbstractAutowireCapableBeanFactory.createBeanInstance(Ljava/lang/String;Lorg/springframework/beans/factory/support/RootBeanDefinition;[Ljava/lang/Object;)Lorg/springframework/beans/BeanWrapper; (254 bytes) @ 0x0000000114962a04 [0x00000001149622a0+0x0000000000000764]
J 6827 c1 org.springframework.beans.factory.support.AbstractAutowireCapableBeanFactory.doCreateBean(Ljava/lang/String;Lorg/springframework/beans/factory/support/RootBeanDefinition;[Ljava/lang/Object;)Ljava/lang/Object; (507 bytes) @ 0x0000000114bc378c [0x0000000114bc3600+0x000000000000018c]
J 5412 c1 org.springframework.beans.factory.support.AbstractAutowireCapableBeanFactory.createBean(Ljava/lang/String;Lorg/springframework/beans/factory/support/RootBeanDefinition;[Ljava/lang/Object;)Ljava/lang/Object; (247 bytes) @ 0x000000011495c734 [0x000000011495c0a0+0x0000000000000694]
J 5451 c1 org.springframework.beans.factory.support.AbstractBeanFactory$$Lambda$327+0x00000008002ecd98.getObject()Ljava/lang/Object; (20 bytes) @ 0x0000000114975b2c [0x0000000114975aa0+0x000000000000008c]
J 5448 c1 org.springframework.beans.factory.support.DefaultSingletonBeanRegistry.getSingleton(Ljava/lang/String;Lorg/springframework/beans/factory/ObjectFactory;)Ljava/lang/Object; (297 bytes) @ 0x0000000114973ac4 [0x0000000114973600+0x00000000000004c4]
J 3395 c1 org.springframework.beans.factory.support.AbstractBeanFactory.doGetBean(Ljava/lang/String;Ljava/lang/Class;[Ljava/lang/Object;Z)Ljava/lang/Object; (832 bytes) @ 0x00000001145dd5b4 [0x00000001145dcfa0+0x0000000000000614]
J 19030 c1 org.springframework.beans.factory.support.DefaultListableBeanFactory.preInstantiateSingletons()V (366 bytes) @ 0x00000001162533e4 [0x0000000116252ae0+0x0000000000000904]
j  org.springframework.context.support.AbstractApplicationContext.finishBeanFactoryInitialization(Lorg/springframework/beans/factory/config/ConfigurableListableBeanFactory;)V+124
j  org.springframework.context.support.AbstractApplicationContext.refresh()V+86
j  org.springframework.boot.web.servlet.context.ServletWebServerApplicationContext.refresh()V+1
j  org.springframework.boot.SpringApplication.refresh(Lorg/springframework/context/ConfigurableApplicationContext;)V+1
j  org.springframework.boot.SpringApplication.refreshContext(Lorg/springframework/context/ConfigurableApplicationContext;)V+16
j  org.springframework.boot.SpringApplication.run([Ljava/lang/String;)Lorg/springframework/context/ConfigurableApplicationContext;+107
j  org.springframework.boot.SpringApplication.run([Ljava/lang/Class;[Ljava/lang/String;)Lorg/springframework/context/ConfigurableApplicationContext;+9
j  org.springframework.boot.SpringApplication.run(Ljava/lang/Class;[Ljava/lang/String;)Lorg/springframework/context/ConfigurableApplicationContext;+9
j  com.bookshop.ReadingIsGoodApplication.main([Ljava/lang/String;)V+3
J 16278 c1 java.lang.invoke.LambdaForm$DMH+0x00000008000c5800.invokeStatic(Ljava/lang/Object;Ljava/lang/Object;)V java.base@18.0.1 (14 bytes) @ 0x0000000115cdad24 [0x0000000115cdacc0+0x0000000000000064]
j  java.lang.invoke.LambdaForm$MH+0x000000080021b800.invoke(Ljava/lang/Object;Ljava/lang/Object;Ljava/lang/Object;)Ljava/lang/Object;+33 java.base@18.0.1
J 2756 c1 java.lang.reflect.Method.invoke(Ljava/lang/Object;[Ljava/lang/Object;)Ljava/lang/Object; java.base@18.0.1 (108 bytes) @ 0x000000011449980c [0x0000000114498e20+0x00000000000009ec]
j  org.springframework.boot.devtools.restart.RestartLauncher.run()V+42
v  ~StubRoutines::call_stub

siginfo: si_signo: 10 (SIGBUS), si_code: 2 (BUS_ADRERR), si_addr: 0x000000082234d760

Register to memory mapping:

RAX=0x000000010eb5d301: _ZN13GlobalCounter15_global_counterE+0xc9 in /Users/cem.dirman/.p2/pool/plugins/org.eclipse.justj.openjdk.hotspot.jre.full.macosx.x86_64_18.0.1.v20220515-1614/jre/lib/server/libjvm.dylib at 0x000000010de11000
RBX=0x000000082234d758 is an unknown value
RCX=0x000000030fa8ac00 is pointing into the stack for thread: 0x00007f9e0bac2200
RDX=0x000000030fa8acf8 is pointing into the stack for thread: 0x00007f9e0bac2200
RSP=0x000000030ed646d0 points into unknown readable memory: 0x000000030ed64700 | 00 47 d6 0e 03 00 00 00
RBP=0x000000030ed64740 points into unknown readable memory: 0x000000030ed64780 | 80 47 d6 0e 03 00 00 00
RSI=0x000000010eb1a6e0: _ZN23CompressedKlassPointers13_narrow_klassE+0 in /Users/cem.dirman/.p2/pool/plugins/org.eclipse.justj.openjdk.hotspot.jre.full.macosx.x86_64_18.0.1.v20220515-1614/jre/lib/server/libjvm.dylib at 0x000000010de11000
RDI=0x00007f9dda226250 points into unknown readable memory: 0x000000010eaf3830 | 30 38 af 0e 01 00 00 00
R8 =0x0000000000000001 is an unknown value
R9 =0x0 is NULL
R10=0x000000030ed64910 points into unknown readable memory: 0x000000030fc92318 | 18 23 c9 0f 03 00 00 00
R11=0x000000030ed648e0 points into unknown readable memory: 0x000000030fa8ace8 | e8 ac a8 0f 03 00 00 00
R12=0x000000030ed64830 points into unknown readable memory: 0x00007f9e0c079480 | 80 94 07 0c 9e 7f 00 00
R13=0x00007f9dda226250 points into unknown readable memory: 0x000000010eaf3830 | 30 38 af 0e 01 00 00 00
R14=0x0 is NULL
R15=0x000000030fa8acf8 is pointing into the stack for thread: 0x00007f9e0bac2200


Registers:
RAX=0x000000010eb5d301, RBX=0x000000082234d758, RCX=0x000000030fa8ac00, RDX=0x000000030fa8acf8
RSP=0x000000030ed646d0, RBP=0x000000030ed64740, RSI=0x000000010eb1a6e0, RDI=0x00007f9dda226250
R8 =0x0000000000000001, R9 =0x0000000000000000, R10=0x000000030ed64910, R11=0x000000030ed648e0
R12=0x000000030ed64830, R13=0x00007f9dda226250, R14=0x0000000000000000, R15=0x000000030fa8acf8
RIP=0x000000010e2780da, EFLAGS=0x0000000000000203, ERR=0x0000000000000004
  TRAPNO=0x000000000000000e

Top of Stack: (sp=0x000000030ed646d0)
0x000000030ed646d0:   000000030ed64700 000000010e73540e
0x000000030ed646e0:   000000030ed64710 000000010e73540e
0x000000030ed646f0:   0000000000000000 00000001160b15e0
0x000000030ed64700:   000000030ed64728 0000000000000000
0x000000030ed64710:   000000030ed647f0 000000030fa8acf8
0x000000030ed64720:   000000030ed64830 00007f9e0b11ce48
0x000000030ed64730:   0000600001693508 000000030ed64790
0x000000030ed64740:   000000030ed64780 000000010e293f85
0x000000030ed64750:   000000030fa8acf8 0000000000000000
0x000000030ed64760:   000000030ed64830 00007f9e0b11ce48
0x000000030ed64770:   000000030ed64830 000000030ed64790
0x000000030ed64780:   000000030ed647e0 000000010e22255e
0x000000030ed64790:   00007f9e0c079480 0000001300000001
0x000000030ed647a0:   0000000000000044 000000010000000c
0x000000030ed647b0:   00007f9e108900b0 0000000000000000
0x000000030ed647c0:   000000030fa8ac00 0000600001693508
0x000000030ed647d0:   00006000024a49f0 000000030ed648e0
0x000000030ed647e0:   000000030ed648d0 000000010e221a17
0x000000030ed647f0:   000000010eaf3ea0 000000012234d758
0x000000030ed64800:   00006000000000b8 000000012234d768
0x000000030ed64810:   00007f9e0c079480 000000030000000e
0x000000030ed64820:   0000000000000000 0000000100000003
0x000000030ed64830:   00007f9e0c079480 0000000100000063
0x000000030ed64840:   0000000000000000 0000600001693508
0x000000030ed64850:   0000000000000002 000000030ed648e0
0x000000030ed64860:   000000030ed648d0 00000000000003d8
0x000000030ed64870:   00007f9e0b11ca60 00007f9e0b11cbf0
0x000000030ed64880:   000000030ed648d0 000000012234d768
0x000000030ed64890:   00007f9e0b11c7d0 0000000113efb226
0x000000030ed648a0:   00000010000435b0 000000030ed648e0
0x000000030ed648b0:   0000600001693508 000000010eb71c18
0x000000030ed648c0:   00006000016935b0 000000030ed64910 

Instructions: (pc=0x000000010e2780da)
0x000000010e277fda:   45 d6 00 48 8b 7b 70 48 8b 47 18 48 8b 00 4c 8b
0x000000010e277fea:   68 38 48 8b 48 40 4c 29 e9 48 c1 e9 03 4c 39 f9
0x000000010e277ffa:   72 0e 4b 8d 4c fd 00 48 89 48 38 4d 85 ed 75 1d
0x000000010e27800a:   48 8d 4d d6 be 00 01 00 00 41 89 d5 4c 89 fa 45
0x000000010e27801a:   89 f0 e8 2f db fa ff 44 89 ea 49 89 c5 84 d2 74
0x000000010e27802a:   0a c7 83 78 01 00 00 00 00 00 00 4d 85 ed 74 48
0x000000010e27803a:   41 c6 44 24 01 01 48 8b 83 30 02 00 00 48 85 c0
0x000000010e27804a:   0f 85 bc fe ff ff e9 be fe ff ff 48 8b 4d c8 48
0x000000010e27805a:   8b 71 08 49 c1 e7 03 45 31 c0 84 d2 0f 85 2c ff
0x000000010e27806a:   ff ff 3c 01 41 0f 94 c0 4c 89 fa 8b 4d d0 e8 83
0x000000010e27807a:   ea 02 00 e9 45 ff ff ff 8a 45 d6 88 83 e8 01 00
0x000000010e27808a:   00 e9 34 ff ff ff 55 48 89 e5 48 8b 7f 70 5d e9
0x000000010e27809a:   52 dd fa ff 66 90 55 48 89 e5 41 57 41 56 41 55
0x000000010e2780aa:   41 54 53 48 83 ec 48 49 89 cf 41 89 f6 49 89 fd
0x000000010e2780ba:   48 8d 05 98 52 8e 00 8a 00 84 c0 74 28 8b 5a 08
0x000000010e2780ca:   48 8d 35 0f 26 8a 00 8a 4e 08 48 d3 e3 48 03 1e
0x000000010e2780da:   44 8b 63 08 45 85 e4 48 89 55 c0 7e 19 41 f6 c4
0x000000010e2780ea:   01 75 18 eb 5e 48 8b 5a 08 44 8b 63 08 45 85 e4
0x000000010e2780fa:   48 89 55 c0 7f e7 45 85 e4 78 14 48 8b 03 48 89
0x000000010e27810a:   df 48 89 d6 ff 90 00 01 00 00 49 89 c4 eb 38 31
0x000000010e27811a:   c9 84 c0 0f 94 c1 48 63 44 8a 0c 44 89 e1 48 d3
0x000000010e27812a:   e0 41 c1 ec 10 41 0f b6 cc 48 01 c1 48 8d 05 b7
0x000000010e27813a:   44 8a 00 48 63 00 48 8d 4c 08 ff f7 d8 4c 63 e0
0x000000010e27814a:   49 21 cc 49 c1 ec 03 4c 89 7d b8 41 0f b7 c6 4c
0x000000010e27815a:   89 f9 66 41 bf 00 01 45 31 c0 3d ff 00 00 00 48
0x000000010e27816a:   89 5d b0 89 45 ac 48 89 4d a0 77 39 49 89 c8 f6
0x000000010e27817a:   c1 01 75 0c 48 8d 7d b8 e8 69 10 3b 00 49 89 c0
0x000000010e27818a:   41 c1 e8 03 41 83 e0 0f 45 3b 85 78 01 00 00 48
0x000000010e27819a:   8b 5d c0 73 18 45 89 f7 41 81 e7 00 ff 00 00 41
0x000000010e2781aa:   0f b6 c6 eb 0a 31 c0 48 8b 5d c0 eb 02 31 c0 0f
0x000000010e2781ba:   b7 c0 41 0f b7 d7 09 d0 66 89 45 d6 49 8b 45 08
0x000000010e2781ca:   49 8b 75 70 8a 88 48 02 00 00 48 89 df 48 d3 ef 


Stack slot to memory mapping:
stack at sp + 0 slots: 0x000000030ed64700 points into unknown readable memory: 0x000000030ed64728 | 28 47 d6 0e 03 00 00 00
stack at sp + 1 slots: 0x000000010e73540e: _ZN13RelocIterator10initializeEP14CompiledMethodPhS2_+0x11e in /Users/cem.dirman/.p2/pool/plugins/org.eclipse.justj.openjdk.hotspot.jre.full.macosx.x86_64_18.0.1.v20220515-1614/jre/lib/server/libjvm.dylib at 0x000000010de11000
stack at sp + 2 slots: 0x000000030ed64710 points into unknown readable memory: 0x000000030ed647f0 | f0 47 d6 0e 03 00 00 00
stack at sp + 3 slots: 0x000000010e73540e: _ZN13RelocIterator10initializeEP14CompiledMethodPhS2_+0x11e in /Users/cem.dirman/.p2/pool/plugins/org.eclipse.justj.openjdk.hotspot.jre.full.macosx.x86_64_18.0.1.v20220515-1614/jre/lib/server/libjvm.dylib at 0x000000010de11000
stack at sp + 4 slots: 0x0 is NULL
stack at sp + 5 slots: 0x00000001160b15e0 is at entry_point+-192 in (nmethod*)0x00000001160b1510
Compiled method (c1) 75226048 18342       1       java.lang.Thread::join (6 bytes)
 total in heap  [0x00000001160b1510,0x00000001160b17d0] = 704
 relocation     [0x00000001160b1670,0x00000001160b16a0] = 48
 main code      [0x00000001160b16a0,0x00000001160b1740] = 160
 stub code      [0x00000001160b1740,0x00000001160b1780] = 64
 metadata       [0x00000001160b1780,0x00000001160b1788] = 8
 scopes data    [0x00000001160b1788,0x00000001160b1798] = 16
 scopes pcs     [0x00000001160b1798,0x00000001160b17c8] = 48
 dependencies   [0x00000001160b17c8,0x00000001160b17d0] = 8
stack at sp + 6 slots: 0x000000030ed64728 points into unknown readable memory: 0x00007f9e0b11ce48 | 48 ce 11 0b 9e 7f 00 00
stack at sp + 7 slots: 0x0 is NULL


---------------  P R O C E S S  ---------------

Threads class SMR info:
_java_thread_list=0x0000600002dfcd20, length=36, elements={
0x00007f9e0b816400, 0x00007f9e0a845200, 0x00007f9e0a850800, 0x00007f9e0a846a00,
0x00007f9e0a847000, 0x00007f9e0a847600, 0x00007f9e0a847c00, 0x00007f9e0a853600,
0x00007f9e0c028200, 0x00007f9e0c011000, 0x00007f9e0c011600, 0x00007f9e0c04de00,
0x00007f9e0c04e400, 0x00007f9e0a8c1000, 0x00007f9e0a8c1600, 0x00007f9e0a010600,
0x00007f9e0a840600, 0x00007f9e0c694600, 0x00007f9e0a09ba00, 0x00007f9e0b816a00,
0x00007f9e0aab4600, 0x00007f9ddb80e000, 0x00007f9ddb00a200, 0x00007f9e0ab5c400,
0x00007f9e0aaec400, 0x00007f9ddb00b000, 0x00007f9ddb056c00, 0x00007f9ddb80ca00,
0x00007f9ddb80e600, 0x00007f9e0bb27200, 0x00007f9e0c7d4400, 0x00007f9e0bac2200,
0x00007f9ddc04b200, 0x00007f9e0bb52c00, 0x00007f9ddc04da00, 0x00007f9e0c4c6e00
}

Java Threads: ( => current thread )
  0x00007f9e0b816400 JavaThread "Reference Handler" daemon [_thread_blocked, id=22591, stack(0x000000030d795000,0x000000030d895000)]
  0x00007f9e0a845200 JavaThread "Finalizer" daemon [_thread_blocked, id=42755, stack(0x000000030d898000,0x000000030d998000)]
  0x00007f9e0a850800 JavaThread "Signal Dispatcher" daemon [_thread_blocked, id=24835, stack(0x000000030db33000,0x000000030dc33000)]
  0x00007f9e0a846a00 JavaThread "Service Thread" daemon [_thread_blocked, id=25091, stack(0x000000030dc36000,0x000000030dd36000)]
  0x00007f9e0a847000 JavaThread "Monitor Deflation Thread" daemon [_thread_blocked, id=39683, stack(0x000000030dd39000,0x000000030de39000)]
  0x00007f9e0a847600 JavaThread "C1 CompilerThread0" daemon [_thread_blocked, id=25603, stack(0x000000030de3c000,0x000000030df3c000)]
  0x00007f9e0a847c00 JavaThread "Sweeper thread" daemon [_thread_blocked, id=25859, stack(0x000000030df3f000,0x000000030e03f000)]
  0x00007f9e0a853600 JavaThread "Common-Cleaner" daemon [_thread_blocked, id=39123, stack(0x000000030e042000,0x000000030e142000)]
  0x00007f9e0c028200 JavaThread "JDWP Transport Listener: dt_socket" daemon [_thread_blocked, id=37647, stack(0x000000030e145000,0x000000030e245000)]
  0x00007f9e0c011000 JavaThread "JDWP Event Helper Thread" daemon [_thread_blocked, id=26627, stack(0x000000030e248000,0x000000030e348000)]
  0x00007f9e0c011600 JavaThread "JDWP Command Reader" daemon [_thread_in_native, id=37379, stack(0x000000030e34b000,0x000000030e44b000)]
  0x00007f9e0c04de00 JavaThread "Notification Thread" daemon [_thread_blocked, id=36719, stack(0x000000030e44e000,0x000000030e54e000)]
  0x00007f9e0c04e400 JavaThread "RMI TCP Accept-0" daemon [_thread_in_native, id=27991, stack(0x000000030e551000,0x000000030e651000)]
  0x00007f9e0a8c1000 JavaThread "RMI TCP Accept-60847" daemon [_thread_in_native, id=28779, stack(0x000000030e654000,0x000000030e754000)]
  0x00007f9e0a8c1600 JavaThread "RMI TCP Accept-0" daemon [_thread_in_native, id=35703, stack(0x000000030e757000,0x000000030e857000)]
  0x00007f9e0a010600 JavaThread "RMI Scheduler(0)" daemon [_thread_blocked, id=45095, stack(0x000000030f47e000,0x000000030f57e000)]
  0x00007f9e0a840600 JavaThread "JMX server connection timeout 27" daemon [_thread_blocked, id=83823, stack(0x000000030f684000,0x000000030f784000)]
  0x00007f9e0c694600 JavaThread "Attach Listener" daemon [_thread_blocked, id=82959, stack(0x000000030f787000,0x000000030f887000)]
  0x00007f9e0a09ba00 JavaThread "Live Reload Server" daemon [_thread_in_native, id=48647, stack(0x000000030fe9c000,0x000000030ff9c000)]
  0x00007f9e0b816a00 JavaThread "DestroyJavaVM" [_thread_blocked, id=8451, stack(0x000000030d080000,0x000000030d180000)]
  0x00007f9e0aab4600 JavaThread "File Watcher" daemon [_thread_blocked, id=86431, stack(0x000000030f175000,0x000000030f275000)]
  0x00007f9ddb80e000 JavaThread "File Watcher" daemon [_thread_blocked, id=81471, stack(0x000000030f37b000,0x000000030f47b000)]
  0x00007f9ddb00a200 JavaThread "File Watcher" daemon [_thread_blocked, id=78215, stack(0x000000030d99b000,0x000000030da9b000)]
  0x00007f9e0ab5c400 JavaThread "File Watcher" daemon [_thread_blocked, id=80035, stack(0x000000030f278000,0x000000030f378000)]
  0x00007f9e0aaec400 JavaThread "File Watcher" daemon [_thread_blocked, id=72975, stack(0x000000030fa90000,0x000000030fb90000)]
  0x00007f9ddb00b000 JavaThread "File Watcher" daemon [_thread_blocked, id=86095, stack(0x000000030fb93000,0x000000030fc93000)]
  0x00007f9ddb056c00 JavaThread "File Watcher" daemon [_thread_blocked, id=47395, stack(0x000000030fc96000,0x000000030fd96000)]
  0x00007f9ddb80ca00 JavaThread "File Watcher" daemon [_thread_blocked, id=24039, stack(0x000000030fd99000,0x000000030fe99000)]
  0x00007f9ddb80e600 JavaThread "File Watcher" daemon [_thread_blocked, id=76615, stack(0x000000030ff9f000,0x000000031009f000)]
  0x00007f9e0bb27200 JavaThread "RMI TCP Connection(idle)" daemon [_thread_blocked, id=72535, stack(0x00000003113db000,0x00000003114db000)]
  0x00007f9e0c7d4400 JavaThread "Thread-422" [_thread_blocked, id=57635, stack(0x000000030f581000,0x000000030f681000)]
  0x00007f9e0bac2200 JavaThread "restartedMain" [_thread_blocked, id=78963, stack(0x000000030f98d000,0x000000030fa8d000)]
  0x00007f9ddc04b200 JavaThread "Catalina-utility-1" [_thread_blocked, id=74379, stack(0x00000003100a2000,0x00000003101a2000)]
  0x00007f9e0bb52c00 JavaThread "Catalina-utility-2" [_thread_blocked, id=70919, stack(0x00000003101a5000,0x00000003102a5000)]
  0x00007f9ddc04da00 JavaThread "container-8" [_thread_blocked, id=57155, stack(0x00000003102a8000,0x00000003103a8000)]
  0x00007f9e0c4c6e00 JavaThread "HikariPool-108 housekeeper" daemon [_thread_blocked, id=51223, stack(0x00000003103ab000,0x00000003104ab000)]

Other Threads:
  0x00007f9df9f04b80 VMThread "VM Thread" [stack: 0x000000030d692000,0x000000030d792000] [id=43267]
  0x00007f9e0b036170 WatcherThread "VM Periodic Task Thread" [stack: 0x000000030e85a000,0x000000030e95a000] [id=28931]
  0x00007f9e09f07a40 WorkerThread "GC Thread#0" [stack: 0x000000030d183000,0x000000030d283000] [id=12547]
  0x00007f9e0b0385c0 WorkerThread "GC Thread#1" [stack: 0x000000030e95d000,0x000000030ea5d000] [id=34307]
  0x00007f9e0b11ba50 WorkerThread "GC Thread#2" [stack: 0x000000030ea60000,0x000000030eb60000] [id=29443]
  0x00007f9e0b11beb0 WorkerThread "GC Thread#3" [stack: 0x000000030eb63000,0x000000030ec63000] [id=29955]
=>0x00007f9e0b11c7d0 WorkerThread "GC Thread#4" [stack: 0x000000030ec66000,0x000000030ed66000] [id=33539]
  0x00007f9e0b11d020 WorkerThread "GC Thread#5" [stack: 0x000000030ed69000,0x000000030ee69000] [id=33027]
  0x00007f9df9f2e1b0 WorkerThread "GC Thread#6" [stack: 0x000000030ee6c000,0x000000030ef6c000] [id=32135]
  0x00007f9df9f2e830 WorkerThread "GC Thread#7" [stack: 0x000000030ef6f000,0x000000030f06f000] [id=31491]
  0x00007f9e09f080d0 ConcurrentGCThread "G1 Main Marker" [stack: 0x000000030d286000,0x000000030d386000] [id=17411]
  0x00007f9e0b004df0 WorkerThread "G1 Conc#0" [stack: 0x000000030d389000,0x000000030d489000] [id=13315]
  0x00007f9e09f130e0 WorkerThread "G1 Conc#1" [stack: 0x000000030f88a000,0x000000030f98a000] [id=82179]
  0x00007f9e0b012640 ConcurrentGCThread "G1 Refine#0" [stack: 0x000000030d48c000,0x000000030d58c000] [id=14083]
  0x00007f9df9f2f080 ConcurrentGCThread "G1 Refine#1" [stack: 0x000000030f072000,0x000000030f172000] [id=43523]
  0x00007f9e0b012ec0 ConcurrentGCThread "G1 Service" [stack: 0x000000030d58f000,0x000000030d68f000] [id=16387]

Threads with active compile tasks:

VM state: at safepoint (normal execution)

VM Mutex/Monitor currently owned by a thread:  ([mutex/lock_event])
[0x0000600000486700] Threads_lock - owner thread: 0x00007f9df9f04b80
[0x0000600000486780] Heap_lock - owner thread: 0x00007f9ddb00b000

Heap address: 0x0000000700000000, size: 4096 MB, Compressed Oops mode: Zero based, Oop shift amount: 3

CDS archive(s) not mapped
Compressed class space mapped at: 0x0000000800000000-0x0000000840000000, reserved size: 1073741824
Narrow klass base: 0x0000000800000000, Narrow klass shift: 0, Narrow klass range: 0x40000000

GC Precious Log:
 CardTable entry size: 512
 Card Set container configuration: InlinePtr #cards 4 size 8 Array Of Cards #cards 16 size 48 Howl #buckets 8 coarsen threshold 3686 Howl Bitmap #cards 512 size 80 coarsen threshold 460 Card regions per heap region 1 cards per card region 4096
 CPUs: 8 total, 8 available
 Memory: 16384M
 Large Page Support: Disabled
 NUMA Support: Disabled
 Compressed Oops: Enabled (Zero based)
 Heap Region Size: 2M
 Heap Min Capacity: 8M
 Heap Initial Capacity: 256M
 Heap Max Capacity: 4G
 Pre-touch: Disabled
 Parallel Workers: 8
 Concurrent Workers: 2
 Concurrent Refinement Workers: 8
 Periodic GC: Disabled

Heap:
 garbage-first heap   total 75776K, used 57609K [0x0000000700000000, 0x0000000800000000)
  region size 2048K, 15 young (30720K), 1 survivors (2048K)
 Metaspace       used 74435K, committed 80192K, reserved 1179648K
  class space    used 9790K, committed 12224K, reserved 1048576K

Heap Regions: E=young(eden), S=young(survivor), O=old, HS=humongous(starts), HC=humongous(continues), CS=collection set, F=free, OA=open archive, CA=closed archive, TAMS=top-at-mark-start (previous, next)
|   0|0x0000000700000000, 0x00000007001fffc8, 0x0000000700200000| 99%| O|  |TAMS 0x00000007001fffc8, 0x0000000700000000| Untracked 
|   1|0x0000000700200000, 0x00000007003ffff0, 0x0000000700400000| 99%| O|  |TAMS 0x00000007003ffff0, 0x0000000700200000| Untracked 
|   2|0x0000000700400000, 0x00000007005ffff0, 0x0000000700600000| 99%| O|  |TAMS 0x00000007005ffff0, 0x0000000700400000| Untracked 
|   3|0x0000000700600000, 0x00000007007fffc8, 0x0000000700800000| 99%| O|  |TAMS 0x00000007007fffc8, 0x0000000700600000| Untracked 
|   4|0x0000000700800000, 0x00000007009fffe0, 0x0000000700a00000| 99%| O|  |TAMS 0x00000007009fffe0, 0x0000000700800000| Untracked 
|   5|0x0000000700a00000, 0x0000000700bfffd0, 0x0000000700c00000| 99%| O|  |TAMS 0x0000000700bfffd0, 0x0000000700a00000| Untracked 
|   6|0x0000000700c00000, 0x0000000700dffff8, 0x0000000700e00000| 99%| O|  |TAMS 0x0000000700dffff8, 0x0000000700c00000| Untracked 
|   7|0x0000000700e00000, 0x0000000700ffffe8, 0x0000000701000000| 99%| O|  |TAMS 0x0000000700e00000, 0x0000000700e00000| Untracked 
|   8|0x0000000701000000, 0x0000000701200000, 0x0000000701200000|100%| O|  |TAMS 0x0000000701200000, 0x0000000701000000| Untracked 
|   9|0x0000000701200000, 0x00000007013ff9d8, 0x0000000701400000| 99%| O|  |TAMS 0x0000000701200000, 0x0000000701200000| Untracked 
|  10|0x0000000701400000, 0x0000000701493568, 0x0000000701600000| 28%| O|  |TAMS 0x0000000701400000, 0x0000000701400000| Untracked 
|  11|0x0000000701600000, 0x0000000701800000, 0x0000000701800000|100%| O|  |TAMS 0x0000000701600000, 0x0000000701600000| Untracked 
|  12|0x0000000701800000, 0x0000000701a00000, 0x0000000701a00000|100%| O|  |TAMS 0x0000000701800000, 0x0000000701800000| Untracked 
|  13|0x0000000701a00000, 0x0000000701af7a40, 0x0000000701c00000| 48%| O|  |TAMS 0x0000000701a00000, 0x0000000701a00000| Untracked 
|  14|0x0000000701c00000, 0x0000000701e00000, 0x0000000701e00000|100%| O|  |TAMS 0x0000000701c00000, 0x0000000701c00000| Untracked 
|  15|0x0000000701e00000, 0x0000000701e92a00, 0x0000000702000000| 28%| O|  |TAMS 0x0000000701e00000, 0x0000000701e00000| Untracked 
|  16|0x0000000702000000, 0x0000000702000000, 0x0000000702200000|  0%| F|  |TAMS 0x0000000702000000, 0x0000000702000000| Untracked 
|  17|0x0000000702200000, 0x0000000702200000, 0x0000000702400000|  0%| F|  |TAMS 0x0000000702200000, 0x0000000702200000| Untracked 
|  18|0x0000000702400000, 0x0000000702400000, 0x0000000702600000|  0%| F|  |TAMS 0x0000000702400000, 0x0000000702400000| Untracked 
|  19|0x0000000702600000, 0x0000000702600000, 0x0000000702800000|  0%| F|  |TAMS 0x0000000702600000, 0x0000000702600000| Untracked 
|  20|0x0000000702800000, 0x0000000702800000, 0x0000000702a00000|  0%| F|  |TAMS 0x0000000702800000, 0x0000000702800000| Untracked 
|  21|0x0000000702a00000, 0x0000000702a43df0, 0x0000000702c00000| 13%| S|  |TAMS 0x0000000702a00000, 0x0000000702a00000| Complete 
|  22|0x0000000702c00000, 0x0000000702c25440, 0x0000000702e00000|  7%| E|CS|TAMS 0x0000000702c00000, 0x0000000702c00000| Complete 
|  23|0x0000000702e00000, 0x0000000703000000, 0x0000000703000000|100%| E|CS|TAMS 0x0000000702e00000, 0x0000000702e00000| Complete 
|  24|0x0000000703000000, 0x0000000703200000, 0x0000000703200000|100%| E|CS|TAMS 0x0000000703000000, 0x0000000703000000| Complete 
|  25|0x0000000703200000, 0x0000000703400000, 0x0000000703400000|100%| E|CS|TAMS 0x0000000703200000, 0x0000000703200000| Complete 
|  26|0x0000000703400000, 0x0000000703600000, 0x0000000703600000|100%| E|CS|TAMS 0x0000000703400000, 0x0000000703400000| Complete 
|  27|0x0000000703600000, 0x0000000703800000, 0x0000000703800000|100%| E|CS|TAMS 0x0000000703600000, 0x0000000703600000| Complete 
|  28|0x0000000703800000, 0x0000000703a00000, 0x0000000703a00000|100%| E|CS|TAMS 0x0000000703800000, 0x0000000703800000| Complete 
|  29|0x0000000703a00000, 0x0000000703c00000, 0x0000000703c00000|100%| E|CS|TAMS 0x0000000703a00000, 0x0000000703a00000| Complete 
|  30|0x0000000703c00000, 0x0000000703e00000, 0x0000000703e00000|100%| E|CS|TAMS 0x0000000703c00000, 0x0000000703c00000| Complete 
|  31|0x0000000703e00000, 0x0000000704000000, 0x0000000704000000|100%| E|CS|TAMS 0x0000000703e00000, 0x0000000703e00000| Complete 
|  32|0x0000000704000000, 0x0000000704200000, 0x0000000704200000|100%| E|CS|TAMS 0x0000000704000000, 0x0000000704000000| Complete 
|  33|0x0000000704200000, 0x0000000704400000, 0x0000000704400000|100%| E|CS|TAMS 0x0000000704200000, 0x0000000704200000| Complete 
|  34|0x0000000704400000, 0x0000000704600000, 0x0000000704600000|100%| E|CS|TAMS 0x0000000704400000, 0x0000000704400000| Complete 
|  35|0x0000000704600000, 0x0000000704800000, 0x0000000704800000|100%| E|CS|TAMS 0x0000000704600000, 0x0000000704600000| Complete 
|  36|0x0000000704800000, 0x0000000704a00000, 0x0000000704a00000|100%| E|CS|TAMS 0x0000000704800000, 0x0000000704800000| Complete 

Card table byte_map: [0x0000000116eee000,0x00000001176ee000] _byte_map_base: 0x00000001136ee000

Marking Bits (Prev, Next): (CMBitMap*) 0x00007f9e0a033010, (CMBitMap*) 0x00007f9e0a033050
 Prev Bits: [0x0000000117eee000, 0x000000011beee000)
 Next Bits: [0x000000011beee000, 0x000000011feee000)

Polling page: 0x0000000104655000

Metaspace:

Usage:
  Non-class:     63.13 MB used.
      Class:      9.56 MB used.
       Both:     72.69 MB used.

Virtual space:
  Non-class space:      128.00 MB reserved,      66.38 MB ( 52%) committed,  2 nodes.
      Class space:        1.00 GB reserved,      11.94 MB (  1%) committed,  1 nodes.
             Both:        1.12 GB reserved,      78.31 MB (  7%) committed. 

Chunk freelists:
   Non-Class:  31.66 MB
       Class:  6.07 MB
        Both:  37.73 MB

MaxMetaspaceSize: unlimited
CompressedClassSpaceSize: 1.00 GB
Initial GC threshold: 21.00 MB
Current GC threshold: 174.06 MB
CDS: off
MetaspaceReclaimPolicy: balanced
 - commit_granule_bytes: 65536.
 - commit_granule_words: 8192.
 - virtual_space_node_default_size: 8388608.
 - enlarge_chunks_in_place: 1.
 - new_chunks_are_fully_committed: 0.
 - uncommit_free_chunks: 1.
 - use_allocation_guard: 0.


Internal statistics:

num_allocs_failed_limit: 11.
num_arena_births: 9810.
num_arena_deaths: 8994.
num_vsnodes_births: 3.
num_vsnodes_deaths: 0.
num_space_committed: 1682.
num_space_uncommitted: 203.
num_chunks_returned_to_freelist: 16407.
num_chunks_taken_from_freelist: 19693.
num_chunk_merges: 3580.
num_chunk_splits: 7408.
num_chunks_enlarged: 4187.
num_inconsistent_stats: 0.

CodeCache: size=49152Kb used=36618Kb max_used=36618Kb free=12533Kb
 bounds [0x0000000113eee000, 0x00000001162be000, 0x0000000116eee000]
 total_blobs=19601 nmethods=18956 adapters=573
 compilation: enabled
              stopped_count=0, restarted_count=0
 full_count=0

Compilation events (20 events):
Event: 74989.916 Thread 0x00007f9e0a847600 19105       1       jdk.internal.reflect.ClassFileAssembler::opc_ifnull (37 bytes)
Event: 74989.916 Thread 0x00007f9e0a847600 nmethod 19105 0x00000001162ab390 code [0x00000001162ab580, 0x00000001162ab990]
Event: 74989.916 Thread 0x00007f9e0a847600 19106       1       jdk.internal.reflect.ClassFileAssembler::opc_arraylength (7 bytes)
Event: 74989.916 Thread 0x00007f9e0a847600 nmethod 19106 0x00000001162abd10 code [0x00000001162abec0, 0x00000001162abfe0]
Event: 74989.916 Thread 0x00007f9e0a847600 19107       1       jdk.internal.reflect.ClassFileAssembler::opc_sipush (16 bytes)
Event: 74989.916 Thread 0x00007f9e0a847600 nmethod 19107 0x00000001162ac110 code [0x00000001162ac2e0, 0x00000001162ac540]
Event: 74989.916 Thread 0x00007f9e0a847600 19108       1       jdk.internal.reflect.ClassFileAssembler::opc_if_icmpeq (33 bytes)
Event: 74989.917 Thread 0x00007f9e0a847600 nmethod 19108 0x00000001162ac710 code [0x00000001162ac900, 0x00000001162acd10]
Event: 75092.076 Thread 0x00007f9e0a847600 19117       1       org.springframework.boot.context.event.ApplicationPreparedEvent::getApplicationContext (5 bytes)
Event: 75092.076 Thread 0x00007f9e0a847600 nmethod 19117 0x00000001162ad090 code [0x00000001162ad220, 0x00000001162ad2f0]
Event: 75092.900 Thread 0x00007f9e0a847600 19118       1       java.lang.invoke.BoundMethodHandle::copyWith (7 bytes)
Event: 75092.900 Thread 0x00007f9e0a847600 nmethod 19118 0x00000001162ad390 code [0x00000001162ad540, 0x00000001162ad640]
Event: 75092.999 Thread 0x00007f9e0a847600 19119       1       org.hibernate.cfg.PropertyContainer::verifyAndInitializePersistentAttributes (130 bytes)
Event: 75093.000 Thread 0x00007f9e0a847600 nmethod 19119 0x00000001162ad710 code [0x00000001162ada00, 0x00000001162ae3d0]
Event: 75093.000 Thread 0x00007f9e0a847600 19120       1       org.hibernate.cfg.AnnotationBinder::addElementsOfClass (55 bytes)
Event: 75093.000 Thread 0x00007f9e0a847600 nmethod 19120 0x00000001162aeb90 code [0x00000001162aed60, 0x00000001162aef50]
Event: 75093.316 Thread 0x00007f9e0a847600 19121       1       java.lang.invoke.MethodHandle::spreadArrayChecks (90 bytes)
Event: 75093.316 Thread 0x00007f9e0a847600 nmethod 19121 0x00000001162af110 code [0x00000001162af420, 0x00000001162afe30]
Event: 75093.320 Thread 0x00007f9e0a847600 19122       1       java.lang.invoke.LambdaForm$MH/0x0000000800d1e000::invoke (53 bytes)
Event: 75093.320 Thread 0x00007f9e0a847600 nmethod 19122 0x00000001162b0490 code [0x00000001162b0660, 0x00000001162b08b0]

GC Heap History (20 events):
Event: 74989.359 GC heap after
{Heap after GC invocations=1764 (full 98):
 garbage-first heap   total 75776K, used 25214K [0x0000000700000000, 0x0000000800000000)
  region size 2048K, 2 young (4096K), 2 survivors (4096K)
 Metaspace       used 74043K, committed 80192K, reserved 1179648K
  class space    used 9747K, committed 12224K, reserved 1048576K
}
Event: 74989.741 GC heap before
{Heap before GC invocations=1764 (full 98):
 garbage-first heap   total 75776K, used 55934K [0x0000000700000000, 0x0000000800000000)
  region size 2048K, 17 young (34816K), 2 survivors (4096K)
 Metaspace       used 74380K, committed 80192K, reserved 1179648K
  class space    used 9785K, committed 12224K, reserved 1048576K
}
Event: 74989.745 GC heap after
{Heap after GC invocations=1765 (full 98):
 garbage-first heap   total 75776K, used 28085K [0x0000000700000000, 0x0000000800000000)
  region size 2048K, 2 young (4096K), 2 survivors (4096K)
 Metaspace       used 74380K, committed 80192K, reserved 1179648K
  class space    used 9785K, committed 12224K, reserved 1048576K
}
Event: 75003.029 GC heap before
{Heap before GC invocations=1765 (full 98):
 garbage-first heap   total 75776K, used 54709K [0x0000000700000000, 0x0000000800000000)
  region size 2048K, 15 young (30720K), 2 survivors (4096K)
 Metaspace       used 74517K, committed 80192K, reserved 1179648K
  class space    used 9808K, committed 12224K, reserved 1048576K
}
Event: 75003.036 GC heap after
{Heap after GC invocations=1766 (full 98):
 garbage-first heap   total 75776K, used 30440K [0x0000000700000000, 0x0000000800000000)
  region size 2048K, 2 young (4096K), 2 survivors (4096K)
 Metaspace       used 74517K, committed 80192K, reserved 1179648K
  class space    used 9808K, committed 12224K, reserved 1048576K
}
Event: 75039.492 GC heap before
{Heap before GC invocations=1766 (full 98):
 garbage-first heap   total 75776K, used 55016K [0x0000000700000000, 0x0000000800000000)
  region size 2048K, 14 young (28672K), 2 survivors (4096K)
 Metaspace       used 74517K, committed 80192K, reserved 1179648K
  class space    used 9808K, committed 12224K, reserved 1048576K
}
Event: 75039.498 GC heap after
{Heap after GC invocations=1767 (full 98):
 garbage-first heap   total 75776K, used 30799K [0x0000000700000000, 0x0000000800000000)
  region size 2048K, 1 young (2048K), 1 survivors (2048K)
 Metaspace       used 74517K, committed 80192K, reserved 1179648K
  class space    used 9808K, committed 12224K, reserved 1048576K
}
Event: 75075.933 GC heap before
{Heap before GC invocations=1767 (full 98):
 garbage-first heap   total 75776K, used 55375K [0x0000000700000000, 0x0000000800000000)
  region size 2048K, 13 young (26624K), 1 survivors (2048K)
 Metaspace       used 74517K, committed 80192K, reserved 1179648K
  class space    used 9808K, committed 12224K, reserved 1048576K
}
Event: 75075.937 GC heap after
{Heap after GC invocations=1768 (full 98):
 garbage-first heap   total 75776K, used 30436K [0x0000000700000000, 0x0000000800000000)
  region size 2048K, 1 young (2048K), 1 survivors (2048K)
 Metaspace       used 74517K, committed 80192K, reserved 1179648K
  class space    used 9808K, committed 12224K, reserved 1048576K
}
Event: 75091.620 GC heap before
{Heap before GC invocations=1768 (full 98):
 garbage-first heap   total 75776K, used 42724K [0x0000000700000000, 0x0000000800000000)
  region size 2048K, 8 young (16384K), 1 survivors (2048K)
 Metaspace       used 74525K, committed 80192K, reserved 1179648K
  class space    used 9809K, committed 12224K, reserved 1048576K
}
Event: 75091.851 GC heap after
{Heap after GC invocations=1769 (full 99):
 garbage-first heap   total 75776K, used 22058K [0x0000000700000000, 0x0000000800000000)
  region size 2048K, 0 young (0K), 0 survivors (0K)
 Metaspace       used 73821K, committed 80192K, reserved 1179648K
  class space    used 9704K, committed 12224K, reserved 1048576K
}
Event: 75092.866 GC heap before
{Heap before GC invocations=1769 (full 99):
 garbage-first heap   total 75776K, used 56874K [0x0000000700000000, 0x0000000800000000)
  region size 2048K, 18 young (36864K), 0 survivors (0K)
 Metaspace       used 74035K, committed 80192K, reserved 1179648K
  class space    used 9745K, committed 12224K, reserved 1048576K
}
Event: 75092.869 GC heap after
{Heap after GC invocations=1770 (full 99):
 garbage-first heap   total 75776K, used 25667K [0x0000000700000000, 0x0000000800000000)
  region size 2048K, 2 young (4096K), 2 survivors (4096K)
 Metaspace       used 74035K, committed 80192K, reserved 1179648K
  class space    used 9745K, committed 12224K, reserved 1048576K
}
Event: 75093.345 GC heap before
{Heap before GC invocations=1770 (full 99):
 garbage-first heap   total 75776K, used 56387K [0x0000000700000000, 0x0000000800000000)
  region size 2048K, 17 young (34816K), 2 survivors (4096K)
 Metaspace       used 74427K, committed 80192K, reserved 1179648K
  class space    used 9789K, committed 12224K, reserved 1048576K
}
Event: 75093.350 GC heap after
{Heap after GC invocations=1771 (full 99):
 garbage-first heap   total 75776K, used 28852K [0x0000000700000000, 0x0000000800000000)
  region size 2048K, 2 young (4096K), 2 survivors (4096K)
 Metaspace       used 74427K, committed 80192K, reserved 1179648K
  class space    used 9789K, committed 12224K, reserved 1048576K
}
Event: 75136.503 GC heap before
{Heap before GC invocations=1771 (full 99):
 garbage-first heap   total 75776K, used 55476K [0x0000000700000000, 0x0000000800000000)
  region size 2048K, 15 young (30720K), 2 survivors (4096K)
 Metaspace       used 74431K, committed 80192K, reserved 1179648K
  class space    used 9790K, committed 12224K, reserved 1048576K
}
Event: 75136.507 GC heap after
{Heap after GC invocations=1772 (full 99):
 garbage-first heap   total 75776K, used 29358K [0x0000000700000000, 0x0000000800000000)
  region size 2048K, 1 young (2048K), 1 survivors (2048K)
 Metaspace       used 74431K, committed 80192K, reserved 1179648K
  class space    used 9790K, committed 12224K, reserved 1048576K
}
Event: 75180.045 GC heap before
{Heap before GC invocations=1772 (full 99):
 garbage-first heap   total 75776K, used 55982K [0x0000000700000000, 0x0000000800000000)
  region size 2048K, 14 young (28672K), 1 survivors (2048K)
 Metaspace       used 74431K, committed 80192K, reserved 1179648K
  class space    used 9790K, committed 12224K, reserved 1048576K
}
Event: 75180.047 GC heap after
{Heap after GC invocations=1773 (full 99):
 garbage-first heap   total 75776K, used 28937K [0x0000000700000000, 0x0000000800000000)
  region size 2048K, 1 young (2048K), 1 survivors (2048K)
 Metaspace       used 74431K, committed 80192K, reserved 1179648K
  class space    used 9790K, committed 12224K, reserved 1048576K
}
Event: 75226.021 GC heap before
{Heap before GC invocations=1773 (full 99):
 garbage-first heap   total 75776K, used 57609K [0x0000000700000000, 0x0000000800000000)
  region size 2048K, 15 young (30720K), 1 survivors (2048K)
 Metaspace       used 74435K, committed 80192K, reserved 1179648K
  class space    used 9790K, committed 12224K, reserved 1048576K
}

Deoptimization events (20 events):
Event: 75093.339 Thread 0x00007f9e0bac2200 DEOPT PACKING pc=0x000000011447998c sp=0x000000030fa85080
Event: 75093.339 Thread 0x00007f9e0bac2200 DEOPT UNPACKING pc=0x0000000113f40810 sp=0x000000030fa845d8 mode 1
Event: 75093.339 Thread 0x00007f9e0bac2200 DEOPT PACKING pc=0x0000000114478aac sp=0x000000030fa85170
Event: 75093.339 Thread 0x00007f9e0bac2200 DEOPT UNPACKING pc=0x0000000113f40810 sp=0x000000030fa84738 mode 1
Event: 75093.339 Thread 0x00007f9e0bac2200 DEOPT PACKING pc=0x00000001144773a4 sp=0x000000030fa852d0
Event: 75093.339 Thread 0x00007f9e0bac2200 DEOPT UNPACKING pc=0x0000000113f40810 sp=0x000000030fa848a0 mode 1
Event: 75093.389 Thread 0x00007f9e0bac2200 DEOPT PACKING pc=0x000000011447998c sp=0x000000030fa877c0
Event: 75093.389 Thread 0x00007f9e0bac2200 DEOPT UNPACKING pc=0x0000000113f40810 sp=0x000000030fa86d18 mode 1
Event: 75093.389 Thread 0x00007f9e0bac2200 DEOPT PACKING pc=0x0000000114478aac sp=0x000000030fa878b0
Event: 75093.389 Thread 0x00007f9e0bac2200 DEOPT UNPACKING pc=0x0000000113f40810 sp=0x000000030fa86e78 mode 1
Event: 75093.389 Thread 0x00007f9e0bac2200 DEOPT PACKING pc=0x00000001144773a4 sp=0x000000030fa87a10
Event: 75093.389 Thread 0x00007f9e0bac2200 DEOPT UNPACKING pc=0x0000000113f40810 sp=0x000000030fa86fe0 mode 1
Event: 75093.390 Thread 0x00007f9e0bac2200 DEOPT PACKING pc=0x000000011447998c sp=0x000000030fa89310
Event: 75093.390 Thread 0x00007f9e0bac2200 DEOPT UNPACKING pc=0x0000000113f40810 sp=0x000000030fa88868 mode 1
Event: 75093.390 Thread 0x00007f9e0bac2200 DEOPT PACKING pc=0x0000000114478aac sp=0x000000030fa89400
Event: 75093.390 Thread 0x00007f9e0bac2200 DEOPT UNPACKING pc=0x0000000113f40810 sp=0x000000030fa889c8 mode 1
Event: 75093.390 Thread 0x00007f9e0bac2200 DEOPT PACKING pc=0x00000001144773a4 sp=0x000000030fa89560
Event: 75093.390 Thread 0x00007f9e0bac2200 DEOPT UNPACKING pc=0x0000000113f40810 sp=0x000000030fa88b30 mode 1
Event: 75222.404 Thread 0x00007f9e0bac2200 DEOPT PACKING pc=0x000000011430480c sp=0x000000030fa8acf0
Event: 75222.404 Thread 0x00007f9e0bac2200 DEOPT UNPACKING pc=0x0000000113f40810 sp=0x000000030fa8a1c8 mode 0

Classes loaded (20 events):
Event: 75093.194 Loading class java/lang/ObjectCustomizer
Event: 75093.194 Loading class java/lang/ObjectCustomizer done
Event: 75093.277 Loading class java/lang/ObjectCustomizer
Event: 75093.277 Loading class java/lang/ObjectCustomizer done
Event: 75093.277 Loading class java/lang/ObjectCustomizer
Event: 75093.277 Loading class java/lang/ObjectCustomizer done
Event: 75093.278 Loading class java/lang/ObjectCustomizer
Event: 75093.278 Loading class java/lang/ObjectCustomizer done
Event: 75093.278 Loading class java/lang/ObjectCustomizer
Event: 75093.278 Loading class java/lang/ObjectCustomizer done
Event: 75093.279 Loading class java/lang/ObjectCustomizer
Event: 75093.279 Loading class java/lang/ObjectCustomizer done
Event: 75093.279 Loading class java/lang/ObjectCustomizer
Event: 75093.279 Loading class java/lang/ObjectCustomizer done
Event: 75093.309 Loading class java/lang/ObjectCustomizer
Event: 75093.309 Loading class java/lang/ObjectCustomizer done
Event: 75093.309 Loading class java/lang/ObjectCustomizer
Event: 75093.309 Loading class java/lang/ObjectCustomizer done
Event: 75093.313 Loading class java/time/DurationEditor
Event: 75093.313 Loading class java/time/DurationEditor done

Classes unloaded (20 events):
Event: 75091.643 Thread 0x00007f9df9f04b80 Unloading class 0x00000008009ba000 'java/lang/invoke/LambdaForm$MH+0x00000008009ba000'
Event: 75091.643 Thread 0x00007f9df9f04b80 Unloading class 0x0000000800a84c00 'java/lang/invoke/LambdaForm$MH+0x0000000800a84c00'
Event: 75091.643 Thread 0x00007f9df9f04b80 Unloading class 0x0000000800a41c00 'java/lang/invoke/LambdaForm$MH+0x0000000800a41c00'
Event: 75091.643 Thread 0x00007f9df9f04b80 Unloading class 0x0000000800c59800 'java/lang/invoke/LambdaForm$MH+0x0000000800c59800'
Event: 75091.643 Thread 0x00007f9df9f04b80 Unloading class 0x0000000800c1a800 'java/lang/invoke/LambdaForm$MH+0x0000000800c1a800'
Event: 75091.643 Thread 0x00007f9df9f04b80 Unloading class 0x00000008009c2800 'java/lang/invoke/LambdaForm$MH+0x00000008009c2800'
Event: 75091.643 Thread 0x00007f9df9f04b80 Unloading class 0x00000008007ec000 'java/lang/invoke/LambdaForm$MH+0x00000008007ec000'
Event: 75091.643 Thread 0x00007f9df9f04b80 Unloading class 0x0000000800cd8c00 'java/lang/invoke/LambdaForm$MH+0x0000000800cd8c00'
Event: 75091.643 Thread 0x00007f9df9f04b80 Unloading class 0x000000080089c400 'java/lang/invoke/LambdaForm$MH+0x000000080089c400'
Event: 75091.643 Thread 0x00007f9df9f04b80 Unloading class 0x00000008008d9c00 'java/lang/invoke/LambdaForm$MH+0x00000008008d9c00'
Event: 75091.643 Thread 0x00007f9df9f04b80 Unloading class 0x0000000800ae0000 'java/lang/invoke/LambdaForm$MH+0x0000000800ae0000'
Event: 75091.643 Thread 0x00007f9df9f04b80 Unloading class 0x0000000800c5a400 'java/lang/invoke/LambdaForm$MH+0x0000000800c5a400'
Event: 75091.643 Thread 0x00007f9df9f04b80 Unloading class 0x00000008009cc800 'java/lang/invoke/LambdaForm$MH+0x00000008009cc800'
Event: 75091.643 Thread 0x00007f9df9f04b80 Unloading class 0x0000000800229000 'java/lang/invoke/LambdaForm$MH+0x0000000800229000'
Event: 75091.643 Thread 0x00007f9df9f04b80 Unloading class 0x0000000800af8c00 'java/lang/invoke/LambdaForm$MH+0x0000000800af8c00'
Event: 75091.643 Thread 0x00007f9df9f04b80 Unloading class 0x0000000800cd8000 'java/lang/invoke/LambdaForm$MH+0x0000000800cd8000'
Event: 75091.643 Thread 0x00007f9df9f04b80 Unloading class 0x00000008009b9800 'java/lang/invoke/LambdaForm$MH+0x00000008009b9800'
Event: 75091.643 Thread 0x00007f9df9f04b80 Unloading class 0x0000000800caac00 'java/lang/invoke/LambdaForm$MH+0x0000000800caac00'
Event: 75091.643 Thread 0x00007f9df9f04b80 Unloading class 0x0000000800a05000 'java/lang/invoke/LambdaForm$MH+0x0000000800a05000'
Event: 75091.643 Thread 0x00007f9df9f04b80 Unloading class 0x0000000800840800 'java/lang/invoke/LambdaForm$MH+0x0000000800840800'

Classes redefined (20 events):
Event: 3413.913 Thread 0x00007f9df9f04b80 redefined class name=com.bookshop.domain.Order, count=2
Event: 3413.913 Thread 0x00007f9df9f04b80 redefined class name=com.bookshop.domain.Order$OrderBuilder, count=1
Event: 3413.913 Thread 0x00007f9df9f04b80 redefined class name=com.bookshop.domain.Order, count=2
Event: 3413.913 Thread 0x00007f9df9f04b80 redefined class name=com.bookshop.domain.Order$OrderBuilder, count=1
Event: 3413.913 Thread 0x00007f9df9f04b80 redefined class name=com.bookshop.domain.Order, count=1
Event: 3413.913 Thread 0x00007f9df9f04b80 redefined class name=com.bookshop.domain.Order, count=2
Event: 3413.913 Thread 0x00007f9df9f04b80 redefined class name=com.bookshop.domain.Order, count=1
Event: 3413.913 Thread 0x00007f9df9f04b80 redefined class name=com.bookshop.domain.Order, count=2
Event: 3413.913 Thread 0x00007f9df9f04b80 redefined class name=com.bookshop.domain.Order, count=1
Event: 3413.913 Thread 0x00007f9df9f04b80 redefined class name=com.bookshop.domain.Order, count=2
Event: 3413.913 Thread 0x00007f9df9f04b80 redefined class name=com.bookshop.domain.Order, count=1
Event: 3413.913 Thread 0x00007f9df9f04b80 redefined class name=com.bookshop.domain.Order, count=2
Event: 3413.913 Thread 0x00007f9df9f04b80 redefined class name=com.bookshop.domain.Order, count=1
Event: 3413.913 Thread 0x00007f9df9f04b80 redefined class name=com.bookshop.domain.Order, count=2
Event: 3413.913 Thread 0x00007f9df9f04b80 redefined class name=com.bookshop.domain.Order, count=1
Event: 3413.913 Thread 0x00007f9df9f04b80 redefined class name=com.bookshop.domain.Order, count=2
Event: 3413.913 Thread 0x00007f9df9f04b80 redefined class name=com.bookshop.domain.Order, count=2
Event: 3413.913 Thread 0x00007f9df9f04b80 redefined class name=com.bookshop.domain.Order, count=2
Event: 3413.913 Thread 0x00007f9df9f04b80 redefined class name=com.bookshop.domain.Order, count=2
Event: 3413.913 Thread 0x00007f9df9f04b80 redefined class name=com.bookshop.domain.Order, count=2

Internal exceptions (20 events):
Event: 75092.846 Thread 0x00007f9e0bac2200 Exception <a 'java/lang/NoSuchMethodError'{0x000000070290dfc8}: 'int java.lang.invoke.DelegatingMethodHandle$Holder.reinvoke_L(java.lang.Object, java.lang.Object, java.lang.Object, java.lang.Object)'> (0x000000070290dfc8) 
thrown [src/hotspot/share/interpreter/linkResolver.cpp, line 766]
Event: 75092.863 Thread 0x00007f9e0bac2200 Exception <a 'java/io/FileNotFoundException'{0x0000000702755398}> (0x0000000702755398) 
thrown [src/hotspot/share/prims/jni.cpp, line 516]
Event: 75092.885 Thread 0x00007f9e0bac2200 Exception <a 'java/io/FileNotFoundException'{0x00000007049110d0}> (0x00000007049110d0) 
thrown [src/hotspot/share/prims/jni.cpp, line 516]
Event: 75093.194 Thread 0x00007f9e0bac2200 Exception <a 'java/lang/ClassNotFoundException'{0x0000000703955498}: java/lang/ObjectCustomizer> (0x0000000703955498) 
thrown [src/hotspot/share/classfile/systemDictionary.cpp, line 255]
Event: 75093.197 Thread 0x00007f9e0bac2200 Exception <a 'java/lang/ClassNotFoundException'{0x000000070395ef90}: com/bookshop/domain/CustomerCustomizer> (0x000000070395ef90) 
thrown [src/hotspot/share/classfile/systemDictionary.cpp, line 255]
Event: 75093.277 Thread 0x00007f9e0bac2200 Exception <a 'java/lang/ClassNotFoundException'{0x0000000703602bd0}: java/lang/ObjectCustomizer> (0x0000000703602bd0) 
thrown [src/hotspot/share/classfile/systemDictionary.cpp, line 255]
Event: 75093.277 Thread 0x00007f9e0bac2200 Exception <a 'java/lang/ClassNotFoundException'{0x000000070360c200}: com/bookshop/domain/OrderCustomizer> (0x000000070360c200) 
thrown [src/hotspot/share/classfile/systemDictionary.cpp, line 255]
Event: 75093.278 Thread 0x00007f9e0bac2200 Exception <a 'java/lang/ClassNotFoundException'{0x000000070363a2f8}: java/lang/ObjectCustomizer> (0x000000070363a2f8) 
thrown [src/hotspot/share/classfile/systemDictionary.cpp, line 255]
Event: 75093.278 Thread 0x00007f9e0bac2200 Exception <a 'java/lang/ClassNotFoundException'{0x0000000703643e38}: com/bookshop/domain/BookCustomizer> (0x0000000703643e38) 
thrown [src/hotspot/share/classfile/systemDictionary.cpp, line 255]
Event: 75093.279 Thread 0x00007f9e0bac2200 Exception <a 'java/lang/ClassNotFoundException'{0x000000070367b958}: java/lang/ObjectCustomizer> (0x000000070367b958) 
thrown [src/hotspot/share/classfile/systemDictionary.cpp, line 255]
Event: 75093.280 Thread 0x00007f9e0bac2200 Exception <a 'java/lang/ClassNotFoundException'{0x00000007036854d8}: com/bookshop/domain/AuthorCustomizer> (0x00000007036854d8) 
thrown [src/hotspot/share/classfile/systemDictionary.cpp, line 255]
Event: 75093.309 Thread 0x00007f9e0bac2200 Exception <a 'java/lang/ClassNotFoundException'{0x000000070309a600}: java/lang/ObjectCustomizer> (0x000000070309a600) 
thrown [src/hotspot/share/classfile/systemDictionary.cpp, line 255]
Event: 75093.310 Thread 0x00007f9e0bac2200 Exception <a 'java/lang/ClassNotFoundException'{0x00000007030a3100}: org/springframework/security/config/annotation/web/configuration/WebSecurityConfigurerAdapterCustomizer> (0x00000007030a3100) 
thrown [src/hotspot/share/classfile/systemDictionary.cpp, line 255]
Event: 75093.310 Thread 0x00007f9e0bac2200 Exception <a 'java/lang/ClassNotFoundException'{0x00000007030c8b70}: com/bookshop/configuration/SecurityConfigurationCustomizer> (0x00000007030c8b70) 
thrown [src/hotspot/share/classfile/systemDictionary.cpp, line 255]
Event: 75093.310 Thread 0x00007f9e0bac2200 Exception <a 'java/lang/ClassNotFoundException'{0x00000007030d22f0}: com/bookshop/configuration/SecurityConfiguration$$EnhancerBySpringCGLIB$$4e3c8065Customizer> (0x00000007030d22f0) 
thrown [src/hotspot/share/classfile/systemDictionary.cpp, line 255]
Event: 75093.311 Thread 0x00007f9e0bac2200 Exception <a 'java/lang/ClassNotFoundException'{0x00000007030e4658}: org/springframework/context/annotation/ConfigurationClassEnhancer$EnhancedConfigurationCustomizer> (0x00000007030e4658) 
thrown [src/hotspot/share/classfile/systemDictionary.cpp, line 255]
Event: 75093.311 Thread 0x00007f9e0bac2200 Exception <a 'java/lang/ClassNotFoundException'{0x00000007030e9348}: org/springframework/beans/factory/BeanFactoryAwareCustomizer> (0x00000007030e9348) 
thrown [src/hotspot/share/classfile/systemDictionary.cpp, line 255]
Event: 75093.311 Thread 0x00007f9e0bac2200 Exception <a 'java/lang/ClassNotFoundException'{0x00000007030ef200}: org/springframework/beans/factory/AwareCustomizer> (0x00000007030ef200) 
thrown [src/hotspot/share/classfile/systemDictionary.cpp, line 255]
Event: 75093.311 Thread 0x00007f9e0bac2200 Exception <a 'java/lang/ClassNotFoundException'{0x00000007030f4480}: org/springframework/security/config/annotation/web/WebSecurityConfigurerCustomizer> (0x00000007030f4480) 
thrown [src/hotspot/share/classfile/systemDictionary.cpp, line 255]
Event: 75093.312 Thread 0x00007f9e0bac2200 Exception <a 'java/lang/ClassNotFoundException'{0x00000007030f96a0}: org/springframework/security/config/annotation/SecurityConfigurerCustomizer> (0x00000007030f96a0) 
thrown [src/hotspot/share/classfile/systemDictionary.cpp, line 255]

VM Operations (20 events):
Event: 75222.656 Executing VM operation: get/set locals done
Event: 75222.656 Executing VM operation: get/set locals
Event: 75222.656 Executing VM operation: get/set locals done
Event: 75222.657 Executing VM operation: get/set locals
Event: 75222.657 Executing VM operation: get/set locals done
Event: 75222.657 Executing VM operation: get/set locals
Event: 75222.657 Executing VM operation: get/set locals done
Event: 75222.657 Executing VM operation: get/set locals
Event: 75222.657 Executing VM operation: get/set locals done
Event: 75222.658 Executing VM operation: get/set locals
Event: 75222.658 Executing VM operation: get/set locals done
Event: 75222.658 Executing VM operation: get/set locals
Event: 75222.658 Executing VM operation: get/set locals done
Event: 75222.659 Executing VM operation: get/set locals
Event: 75222.659 Executing VM operation: get/set locals done
Event: 75222.659 Executing VM operation: get/set locals
Event: 75222.659 Executing VM operation: get/set locals done
Event: 75222.659 Executing VM operation: get/set locals
Event: 75222.659 Executing VM operation: get/set locals done
Event: 75226.020 Executing VM operation: G1CollectForAllocation

Events (20 events):
Event: 75091.856 Protecting memory [0x000000030f98d000,0x000000030f991000] with protection modes 3
Event: 75091.856 Thread 0x00007f9ddb057200 Thread exited: 0x00007f9ddb057200
Event: 75091.859 Thread 0x00007f9e0bac2200 Thread added: 0x00007f9e0bac2200
Event: 75091.859 Protecting memory [0x000000030f98d000,0x000000030f991000] with protection modes 0
Event: 75092.123 Thread 0x00007f9ddc038e00 Thread added: 0x00007f9ddc038e00
Event: 75092.123 Protecting memory [0x00000003100a2000,0x00000003100a6000] with protection modes 0
Event: 75092.134 Protecting memory [0x00000003100a2000,0x00000003100a6000] with protection modes 3
Event: 75092.134 Thread 0x00007f9ddc038e00 Thread exited: 0x00007f9ddc038e00
Event: 75092.886 Thread 0x00007f9ddc04b200 Thread added: 0x00007f9ddc04b200
Event: 75092.886 Protecting memory [0x00000003100a2000,0x00000003100a6000] with protection modes 0
Event: 75092.887 Thread 0x00007f9e0bb52c00 Thread added: 0x00007f9e0bb52c00
Event: 75092.887 Protecting memory [0x00000003101a5000,0x00000003101a9000] with protection modes 0
Event: 75092.889 Thread 0x00007f9ddc04da00 Thread added: 0x00007f9ddc04da00
Event: 75092.889 Protecting memory [0x00000003102a8000,0x00000003102ac000] with protection modes 0
Event: 75092.971 Thread 0x00007f9e0c4c6e00 Thread added: 0x00007f9e0c4c6e00
Event: 75092.971 Protecting memory [0x00000003103ab000,0x00000003103af000] with protection modes 0
Event: 75093.077 Thread 0x00007f9e0bbb3200 Thread added: 0x00007f9e0bbb3200
Event: 75093.077 Protecting memory [0x00000003104ae000,0x00000003104b2000] with protection modes 0
Event: 75098.329 Protecting memory [0x00000003104ae000,0x00000003104b2000] with protection modes 3
Event: 75098.329 Thread 0x00007f9e0bbb3200 Thread exited: 0x00007f9e0bbb3200


Dynamic libraries:
0x000000010cc86000 	/Users/cem.dirman/.p2/pool/plugins/org.eclipse.justj.openjdk.hotspot.jre.full.macosx.x86_64_18.0.1.v20220515-1614/jre/lib/libjli.dylib
0x00007ff818571000 	/usr/lib/libz.1.dylib
0x00007ff818657000 	/usr/lib/libSystem.B.dylib
0x00007ff818652000 	/usr/lib/system/libcache.dylib
0x00007ff81860e000 	/usr/lib/system/libcommonCrypto.dylib
0x00007ff818637000 	/usr/lib/system/libcompiler_rt.dylib
0x00007ff81862d000 	/usr/lib/system/libcopyfile.dylib
0x00007ff80d1f9000 	/usr/lib/system/libcorecrypto.dylib
0x00007ff80d2b7000 	/usr/lib/system/libdispatch.dylib
0x00007ff80d477000 	/usr/lib/system/libdyld.dylib
0x00007ff818649000 	/usr/lib/system/libkeymgr.dylib
0x00007ff8185ec000 	/usr/lib/system/libmacho.dylib
0x00007ff817c67000 	/usr/lib/system/libquarantine.dylib
0x00007ff818647000 	/usr/lib/system/libremovefile.dylib
0x00007ff812344000 	/usr/lib/system/libsystem_asl.dylib
0x00007ff80d1a2000 	/usr/lib/system/libsystem_blocks.dylib
0x00007ff80d33b000 	/usr/lib/system/libsystem_c.dylib
0x00007ff81863f000 	/usr/lib/system/libsystem_collections.dylib
0x00007ff816f99000 	/usr/lib/system/libsystem_configuration.dylib
0x00007ff816245000 	/usr/lib/system/libsystem_containermanager.dylib
0x00007ff81831e000 	/usr/lib/system/libsystem_coreservices.dylib
0x00007ff80f9e8000 	/usr/lib/system/libsystem_darwin.dylib
0x00007ff81864a000 	/usr/lib/system/libsystem_dnssd.dylib
0x00007ff80d338000 	/usr/lib/system/libsystem_featureflags.dylib
0x00007ff80d48d000 	/usr/lib/system/libsystem_info.dylib
0x00007ff818584000 	/usr/lib/system/libsystem_m.dylib
0x00007ff80d28b000 	/usr/lib/system/libsystem_malloc.dylib
0x00007ff8122df000 	/usr/lib/system/libsystem_networkextension.dylib
0x00007ff80fe0e000 	/usr/lib/system/libsystem_notify.dylib
0x00007ff81e981000 	/usr/lib/system/libsystem_product_info_filter.dylib
0x00007ff816f9d000 	/usr/lib/system/libsystem_sandbox.dylib
0x00007ff818644000 	/usr/lib/system/libsystem_secinit.dylib
0x00007ff80d433000 	/usr/lib/system/libsystem_kernel.dylib
0x00007ff80d483000 	/usr/lib/system/libsystem_platform.dylib
0x00007ff80d46b000 	/usr/lib/system/libsystem_pthread.dylib
0x00007ff813bfe000 	/usr/lib/system/libsystem_symptoms.dylib
0x00007ff80d1e0000 	/usr/lib/system/libsystem_trace.dylib
0x00007ff81861a000 	/usr/lib/system/libunwind.dylib
0x00007ff80d1a4000 	/usr/lib/system/libxpc.dylib
0x00007ff80d41d000 	/usr/lib/libc++abi.dylib
0x00007ff80d2fe000 	/usr/lib/libobjc.A.dylib
0x00007ff818625000 	/usr/lib/liboah.dylib
0x00007ff80d3c4000 	/usr/lib/libc++.1.dylib
0x00007ff824780000 	/System/Library/Frameworks/Cocoa.framework/Versions/A/Cocoa
0x00007ff80fe6c000 	/System/Library/Frameworks/AppKit.framework/Versions/C/AppKit
0x00007ff8133dd000 	/System/Library/Frameworks/CoreData.framework/Versions/A/CoreData
0x00007ff80e270000 	/System/Library/Frameworks/Foundation.framework/Versions/C/Foundation
0x00007ff810cfb000 	/System/Library/PrivateFrameworks/UIFoundation.framework/Versions/A/UIFoundation
0x00007ff81e684000 	/System/Library/PrivateFrameworks/RemoteViewServices.framework/Versions/A/RemoteViewServices
0x00007ff816923000 	/System/Library/PrivateFrameworks/XCTTargetBootstrap.framework/Versions/A/XCTTargetBootstrap
0x00007ff81a51c000 	/System/Library/PrivateFrameworks/InternationalSupport.framework/Versions/A/InternationalSupport
0x00007ff81a5a6000 	/System/Library/PrivateFrameworks/UserActivity.framework/Versions/A/UserActivity
0x00007ff819900000 	/usr/lib/libspindump.dylib
0x00007ff810f89000 	/System/Library/Frameworks/UniformTypeIdentifiers.framework/Versions/A/UniformTypeIdentifiers
0x00007ff81504b000 	/usr/lib/libapp_launch_measurement.dylib
0x00007ff813dbe000 	/System/Library/PrivateFrameworks/CoreAnalytics.framework/Versions/A/CoreAnalytics
0x00007ff81504e000 	/System/Library/PrivateFrameworks/CoreAutoLayout.framework/Versions/A/CoreAutoLayout
0x00007ff81627d000 	/System/Library/Frameworks/Metal.framework/Versions/A/Metal
0x00007ff816fa9000 	/usr/lib/liblangid.dylib
0x00007ff816928000 	/System/Library/PrivateFrameworks/CoreSVG.framework/Versions/A/CoreSVG
0x00007ff812374000 	/System/Library/PrivateFrameworks/SkyLight.framework/Versions/A/SkyLight
0x00007ff812712000 	/System/Library/Frameworks/CoreGraphics.framework/Versions/A/CoreGraphics
0x00007ff81ed44000 	/System/Library/Frameworks/Accelerate.framework/Versions/A/Accelerate
0x00007ff81937f000 	/System/Library/PrivateFrameworks/IconServices.framework/Versions/A/IconServices
0x00007ff816262000 	/System/Library/Frameworks/IOSurface.framework/Versions/A/IOSurface
0x00007ff813dec000 	/usr/lib/libDiagnosticMessagesClient.dylib
0x00007ff822424000 	/System/Library/Frameworks/ApplicationServices.framework/Versions/A/ApplicationServices
0x00007ff81690f000 	/System/Library/PrivateFrameworks/DFRFoundation.framework/Versions/A/DFRFoundation
0x00007ff80f754000 	/usr/lib/libicucore.A.dylib
0x00007ff81b311000 	/System/Library/Frameworks/AudioToolbox.framework/Versions/A/AudioToolbox
0x00007ff81a528000 	/System/Library/PrivateFrameworks/DataDetectorsCore.framework/Versions/A/DataDetectorsCore
0x00007ff916620000 	/System/Library/PrivateFrameworks/TextInput.framework/Versions/A/TextInput
0x00007ff8122f7000 	/usr/lib/libMobileGestalt.dylib
0x00007ff81661b000 	/System/Library/Frameworks/Carbon.framework/Versions/A/Frameworks/HIToolbox.framework/Versions/A/HIToolbox
0x00007ff814a51000 	/System/Library/Frameworks/QuartzCore.framework/Versions/A/QuartzCore
0x00007ff80f3f9000 	/System/Library/Frameworks/Security.framework/Versions/A/Security
0x00007ff81e6bc000 	/System/Library/Frameworks/Carbon.framework/Versions/A/Frameworks/SpeechRecognition.framework/Versions/A/SpeechRecognition
0x00007ff814dab000 	/System/Library/PrivateFrameworks/CoreUI.framework/Versions/A/CoreUI
0x00007ff80ecc4000 	/System/Library/Frameworks/CoreAudio.framework/Versions/A/CoreAudio
0x00007ff813edb000 	/System/Library/Frameworks/DiskArbitration.framework/Versions/A/DiskArbitration
0x00007ff819cec000 	/System/Library/PrivateFrameworks/MultitouchSupport.framework/Versions/A/MultitouchSupport
0x00007ff8122f6000 	/usr/lib/libenergytrace.dylib
0x00007ff80fd58000 	/System/Library/Frameworks/IOKit.framework/Versions/A/IOKit
0x00007ff81eaac000 	/System/Library/Frameworks/CoreServices.framework/Versions/A/CoreServices
0x00007ff814fe5000 	/System/Library/PrivateFrameworks/PerformanceAnalysis.framework/Versions/A/PerformanceAnalysis
0x00007ffa26251000 	/System/Library/Frameworks/OpenGL.framework/Versions/A/OpenGL
0x00007ff817b8d000 	/System/Library/PrivateFrameworks/MobileKeyBag.framework/Versions/A/MobileKeyBag
0x00007ff812e3c000 	/System/Library/Frameworks/ColorSync.framework/Versions/A/ColorSync
0x00007ff80d4b8000 	/System/Library/Frameworks/CoreFoundation.framework/Versions/A/CoreFoundation
0x00007ff816b9f000 	/System/Library/Frameworks/CoreImage.framework/Versions/A/CoreImage
0x00007ff80ead8000 	/System/Library/Frameworks/CoreText.framework/Versions/A/CoreText
0x00007ff816958000 	/System/Library/Frameworks/ImageIO.framework/Versions/A/ImageIO
0x00007ff81865d000 	/System/Library/PrivateFrameworks/SoftLinking.framework/Versions/A/SoftLinking
0x00007ff815096000 	/usr/lib/libxml2.2.dylib
0x00007ff8188de000 	/usr/lib/libcompression.dylib
0x00007ff81a44f000 	/System/Library/PrivateFrameworks/TextureIO.framework/Versions/A/TextureIO
0x00007ff818ff8000 	/usr/lib/libate.dylib
0x00007ff818db6000 	/usr/lib/liblzma.5.dylib
0x00007ff80df7f000 	/System/Library/Frameworks/SystemConfiguration.framework/Versions/A/SystemConfiguration
0x00007ff818659000 	/usr/lib/libfakelink.dylib
0x00007ff811e50000 	/System/Library/Frameworks/CFNetwork.framework/Versions/A/CFNetwork
0x00007ff81879a000 	/usr/lib/libarchive.2.dylib
0x00007ff816fa5000 	/System/Library/PrivateFrameworks/AppleSystemInfo.framework/Versions/A/AppleSystemInfo
0x00007ff817c8e000 	/usr/lib/libbsm.0.dylib
0x00007ff81145f000 	/usr/lib/libnetwork.dylib
0x00007ff8185f2000 	/usr/lib/system/libkxld.dylib
0x00007ff8178c1000 	/System/Library/PrivateFrameworks/IOMobileFramebuffer.framework/Versions/A/IOMobileFramebuffer
0x00007ffb25615000 	/usr/lib/libCoreEntitlements.dylib
0x00007ff818300000 	/System/Library/PrivateFrameworks/AppleFSCompression.framework/Versions/A/AppleFSCompression
0x00007ff817c76000 	/usr/lib/libcoretls.dylib
0x00007ff818dd0000 	/usr/lib/libcoretls_cfhelpers.dylib
0x00007ff8188d9000 	/usr/lib/libpam.2.dylib
0x00007ff813821000 	/usr/lib/libsqlite3.dylib
0x00007ff818e3f000 	/usr/lib/libxar.1.dylib
0x00007ff818310000 	/usr/lib/libbz2.1.0.dylib
0x00007ff81865e000 	/usr/lib/libpcap.A.dylib
0x00007ff813bf6000 	/usr/lib/libdns_services.dylib
0x00007ff8188ac000 	/usr/lib/libapple_nghttp2.dylib
0x00007ff818698000 	/usr/lib/libiconv.2.dylib
0x00007ff8185eb000 	/usr/lib/libcharset.1.dylib
0x00007ff815019000 	/System/Library/Frameworks/CoreServices.framework/Versions/A/Frameworks/FSEvents.framework/Versions/A/FSEvents
0x00007ff80f9f2000 	/System/Library/Frameworks/CoreServices.framework/Versions/A/Frameworks/CarbonCore.framework/Versions/A/CarbonCore
0x00007ff813e3f000 	/System/Library/Frameworks/CoreServices.framework/Versions/A/Frameworks/Metadata.framework/Versions/A/Metadata
0x00007ff818323000 	/System/Library/Frameworks/CoreServices.framework/Versions/A/Frameworks/OSServices.framework/Versions/A/OSServices
0x00007ff818821000 	/System/Library/Frameworks/CoreServices.framework/Versions/A/Frameworks/SearchKit.framework/Versions/A/SearchKit
0x00007ff813b89000 	/System/Library/Frameworks/CoreServices.framework/Versions/A/Frameworks/AE.framework/Versions/A/AE
0x00007ff80d9b9000 	/System/Library/Frameworks/CoreServices.framework/Versions/A/Frameworks/LaunchServices.framework/Versions/A/LaunchServices
0x00007ff818d67000 	/System/Library/Frameworks/CoreServices.framework/Versions/A/Frameworks/DictionaryServices.framework/Versions/A/DictionaryServices
0x00007ff815026000 	/System/Library/Frameworks/CoreServices.framework/Versions/A/Frameworks/SharedFileList.framework/Versions/A/SharedFileList
0x00007ff817c6a000 	/usr/lib/libCheckFix.dylib
0x00007ff81235b000 	/System/Library/PrivateFrameworks/TCC.framework/Versions/A/TCC
0x00007ff816fab000 	/System/Library/PrivateFrameworks/CoreNLP.framework/Versions/A/CoreNLP
0x00007ff813def000 	/System/Library/PrivateFrameworks/MetadataUtilities.framework/Versions/A/MetadataUtilities
0x00007ff80e033000 	/usr/lib/libmecabra.dylib
0x00007ff817c9e000 	/usr/lib/libmecab.dylib
0x00007ff80dffe000 	/usr/lib/libCRFSuite.dylib
0x00007ff817cf8000 	/usr/lib/libgermantok.dylib
0x00007ff818887000 	/usr/lib/libThaiTokenizer.dylib
0x00007ff813ee2000 	/System/Library/Frameworks/Accelerate.framework/Versions/A/Frameworks/vImage.framework/Versions/A/vImage
0x00007ff81ea83000 	/System/Library/Frameworks/Accelerate.framework/Versions/A/Frameworks/vecLib.framework/Versions/A/vecLib
0x00007ff818e80000 	/System/Library/Frameworks/Accelerate.framework/Versions/A/Frameworks/vecLib.framework/Versions/A/libvMisc.dylib
0x00007ff8176c0000 	/System/Library/Frameworks/Accelerate.framework/Versions/A/Frameworks/vecLib.framework/Versions/A/libvDSP.dylib
0x00007ff80dd37000 	/System/Library/Frameworks/Accelerate.framework/Versions/A/Frameworks/vecLib.framework/Versions/A/libBLAS.dylib
0x00007ff8189bc000 	/System/Library/Frameworks/Accelerate.framework/Versions/A/Frameworks/vecLib.framework/Versions/A/libLAPACK.dylib
0x00007ff817cfb000 	/System/Library/Frameworks/Accelerate.framework/Versions/A/Frameworks/vecLib.framework/Versions/A/libLinearAlgebra.dylib
0x00007ff8188c4000 	/System/Library/Frameworks/Accelerate.framework/Versions/A/Frameworks/vecLib.framework/Versions/A/libSparseBLAS.dylib
0x00007ff8189b6000 	/System/Library/Frameworks/Accelerate.framework/Versions/A/Frameworks/vecLib.framework/Versions/A/libQuadrature.dylib
0x00007ff817096000 	/System/Library/Frameworks/Accelerate.framework/Versions/A/Frameworks/vecLib.framework/Versions/A/libBNNS.dylib
0x00007ff80df09000 	/System/Library/Frameworks/Accelerate.framework/Versions/A/Frameworks/vecLib.framework/Versions/A/libSparse.dylib
0x00007ff81708f000 	/System/Library/PrivateFrameworks/LinguisticData.framework/Versions/A/LinguisticData
0x00007ff80debf000 	/System/Library/PrivateFrameworks/Lexicon.framework/Versions/A/Lexicon
0x00007ff818e79000 	/usr/lib/libChineseTokenizer.dylib
0x00007ff80e62d000 	/System/Library/PrivateFrameworks/LanguageModeling.framework/Versions/A/LanguageModeling
0x00007ff818889000 	/System/Library/PrivateFrameworks/AppleSauce.framework/Versions/A/AppleSauce
0x00007ff8178af000 	/System/Library/PrivateFrameworks/CoreEmoji.framework/Versions/A/CoreEmoji
0x00007ff818789000 	/usr/lib/libcmph.dylib
0x00007ff814ffd000 	/System/Library/Frameworks/OpenDirectory.framework/Versions/A/Frameworks/CFOpenDirectory.framework/Versions/A/CFOpenDirectory
0x00007ff814ff1000 	/System/Library/Frameworks/OpenDirectory.framework/Versions/A/OpenDirectory
0x00007ff818dd2000 	/System/Library/PrivateFrameworks/APFS.framework/Versions/A/APFS
0x00007ff817bc5000 	/System/Library/Frameworks/SecurityFoundation.framework/Versions/A/SecurityFoundation
0x00007ff818e4d000 	/usr/lib/libutil.dylib
0x00007ff80fd1c000 	/System/Library/PrivateFrameworks/CoreServicesStore.framework/Versions/A/CoreServicesStore
0x00007ff818e51000 	/usr/lib/libxslt.1.dylib
0x00007ff817c52000 	/System/Library/PrivateFrameworks/BackgroundTaskManagement.framework/Versions/A/BackgroundTaskManagement
0x00007ff81a370000 	/System/Library/Frameworks/ImageIO.framework/Versions/A/Resources/libRadiance.dylib
0x00007ff81a379000 	/System/Library/Frameworks/ImageIO.framework/Versions/A/Resources/libJPEG.dylib
0x00007ff81a2cb000 	/System/Library/Frameworks/ImageIO.framework/Versions/A/Resources/libPng.dylib
0x00007ff81a2ec000 	/System/Library/Frameworks/ImageIO.framework/Versions/A/Resources/libTIFF.dylib
0x00007ff81a3d8000 	/System/Library/Frameworks/ImageIO.framework/Versions/A/Resources/libGIF.dylib
0x00007ff819c08000 	/System/Library/Frameworks/ImageIO.framework/Versions/A/Resources/libJP2.dylib
0x00007ff819346000 	/usr/lib/libexpat.1.dylib
0x00007ff819bbd000 	/System/Library/PrivateFrameworks/AppleJPEG.framework/Versions/A/AppleJPEG
0x00007ff8164df000 	/System/Library/PrivateFrameworks/FontServices.framework/libFontParser.dylib
0x00007ff813b33000 	/System/Library/PrivateFrameworks/RunningBoardServices.framework/Versions/A/RunningBoardServices
0x00007ff824d3b000 	/System/Library/PrivateFrameworks/IOSurfaceAccelerator.framework/Versions/A/IOSurfaceAccelerator
0x00007ff819ce8000 	/System/Library/PrivateFrameworks/WatchdogClient.framework/Versions/A/WatchdogClient
0x00007ff80e71b000 	/System/Library/Frameworks/CoreDisplay.framework/Versions/A/CoreDisplay
0x00007ff8163dd000 	/System/Library/Frameworks/CoreMedia.framework/Versions/A/CoreMedia
0x00007ff816274000 	/System/Library/PrivateFrameworks/IOAccelerator.framework/Versions/A/IOAccelerator
0x00007ff81517a000 	/System/Library/Frameworks/CoreVideo.framework/Versions/A/CoreVideo
0x00007ff8188d7000 	/System/Library/Frameworks/MetalPerformanceShaders.framework/Versions/A/MetalPerformanceShaders
0x00007ff819d25000 	/System/Library/Frameworks/VideoToolbox.framework/Versions/A/VideoToolbox
0x00007ff813a7d000 	/System/Library/PrivateFrameworks/BaseBoard.framework/Versions/A/BaseBoard
0x00007ff813807000 	/System/Library/PrivateFrameworks/ProtocolBuffer.framework/Versions/A/ProtocolBuffer
0x00007ff81a369000 	/System/Library/PrivateFrameworks/GPUWrangler.framework/Versions/A/GPUWrangler
0x00007ff81a34d000 	/System/Library/PrivateFrameworks/IOPresentment.framework/Versions/A/IOPresentment
0x00007ff81a373000 	/System/Library/PrivateFrameworks/DSExternalDisplay.framework/Versions/A/DSExternalDisplay
0x00007ffa26245000 	/System/Library/Frameworks/OpenGL.framework/Versions/A/Libraries/libCoreFSCache.dylib
0x00007ffb12d39000 	/System/Library/PrivateFrameworks/GPUCompiler.framework/Versions/31001/Libraries/libGPUCompilerUtils.dylib
0x00007ff81a3dd000 	/System/Library/PrivateFrameworks/CMCaptureCore.framework/Versions/A/CMCaptureCore
0x00007ff8198ee000 	/System/Library/PrivateFrameworks/AppServerSupport.framework/Versions/A/AppServerSupport
0x00007ff81bba9000 	/System/Library/PrivateFrameworks/perfdata.framework/Versions/A/perfdata
0x00007ff80e847000 	/System/Library/PrivateFrameworks/AudioToolboxCore.framework/Versions/A/AudioToolboxCore
0x00007ff8163bb000 	/System/Library/PrivateFrameworks/caulk.framework/Versions/A/caulk
0x00007ff81b4bb000 	/usr/lib/libAudioStatistics.dylib
0x00007ff912dc3000 	/System/Library/PrivateFrameworks/SystemPolicy.framework/Versions/A/SystemPolicy
0x00007ff81b716000 	/usr/lib/libSMC.dylib
0x00007ff824633000 	/System/Library/Frameworks/CoreMIDI.framework/Versions/A/CoreMIDI
0x00007ff81a29a000 	/usr/lib/libAudioToolboxUtility.dylib
0x00007ff90eff8000 	/System/Library/PrivateFrameworks/OSAServicesClient.framework/Versions/A/OSAServicesClient
0x00007ff81bbb6000 	/usr/lib/libperfcheck.dylib
0x00007ff91386d000 	/usr/lib/libmis.dylib
0x00007ffa262a0000 	/System/Library/Frameworks/OpenGL.framework/Versions/A/Libraries/libGLU.dylib
0x00007ffa26264000 	/System/Library/Frameworks/OpenGL.framework/Versions/A/Libraries/libGFXShared.dylib
0x00007ffa2646d000 	/System/Library/Frameworks/OpenGL.framework/Versions/A/Libraries/libGL.dylib
0x00007ffa2626d000 	/System/Library/Frameworks/OpenGL.framework/Versions/A/Libraries/libGLImage.dylib
0x00007ffa26261000 	/System/Library/Frameworks/OpenGL.framework/Versions/A/Libraries/libCVMSPluginSupport.dylib
0x00007ffa2624c000 	/System/Library/Frameworks/OpenGL.framework/Versions/A/Libraries/libCoreVMClient.dylib
0x00007ff816f27000 	/System/Library/Frameworks/MetalPerformanceShaders.framework/Versions/A/Frameworks/MPSCore.framework/Versions/A/MPSCore
0x00007ff81826b000 	/System/Library/Frameworks/MetalPerformanceShaders.framework/Versions/A/Frameworks/MPSImage.framework/Versions/A/MPSImage
0x00007ff817d11000 	/System/Library/Frameworks/MetalPerformanceShaders.framework/Versions/A/Frameworks/MPSNeuralNetwork.framework/Versions/A/MPSNeuralNetwork
0x00007ff818185000 	/System/Library/Frameworks/MetalPerformanceShaders.framework/Versions/A/Frameworks/MPSMatrix.framework/Versions/A/MPSMatrix
0x00007ff817f40000 	/System/Library/Frameworks/MetalPerformanceShaders.framework/Versions/A/Frameworks/MPSRayIntersector.framework/Versions/A/MPSRayIntersector
0x00007ff8181bd000 	/System/Library/Frameworks/MetalPerformanceShaders.framework/Versions/A/Frameworks/MPSNDArray.framework/Versions/A/MPSNDArray
0x00007ffa2b467000 	/System/Library/Frameworks/MetalPerformanceShaders.framework/Versions/A/Frameworks/MPSFunctions.framework/Versions/A/MPSFunctions
0x00007ff80dc10000 	/System/Library/PrivateFrameworks/MetalTools.framework/Versions/A/MetalTools
0x00007ff816fa3000 	/System/Library/PrivateFrameworks/AggregateDictionary.framework/Versions/A/AggregateDictionary
0x00007ff819128000 	/usr/lib/libIOReport.dylib
0x00007ffa2787c000 	/System/Library/Frameworks/OpenCL.framework/Versions/A/OpenCL
0x00007ff81948c000 	/System/Library/PrivateFrameworks/FaceCore.framework/Versions/A/FaceCore
0x00007ff81947d000 	/System/Library/PrivateFrameworks/GraphVisualizer.framework/Versions/A/GraphVisualizer
0x00007ffb12c44000 	/System/Library/PrivateFrameworks/FontServices.framework/Versions/A/FontServices
0x00007ff8198a6000 	/System/Library/PrivateFrameworks/OTSVG.framework/Versions/A/OTSVG
0x00007ff814d61000 	/System/Library/Frameworks/ApplicationServices.framework/Versions/A/Frameworks/ATS.framework/Versions/A/Resources/libFontRegistry.dylib
0x00007ff8198f6000 	/System/Library/PrivateFrameworks/FontServices.framework/libhvf.dylib
0x00007ffb12c45000 	/System/Library/PrivateFrameworks/FontServices.framework/libXTFontStaticRegistryData.dylib
0x00007ff8192f6000 	/System/Library/PrivateFrameworks/AppleVA.framework/Versions/A/AppleVA
0x00007ff81b4db000 	/System/Library/Frameworks/ApplicationServices.framework/Versions/A/Frameworks/ATS.framework/Versions/A/ATS
0x00007ff812f3a000 	/System/Library/Frameworks/ApplicationServices.framework/Versions/A/Frameworks/HIServices.framework/Versions/A/HIServices
0x00007ff81a3e7000 	/System/Library/Frameworks/ApplicationServices.framework/Versions/A/Frameworks/PrintCore.framework/Versions/A/PrintCore
0x00007ff81b869000 	/System/Library/Frameworks/ApplicationServices.framework/Versions/A/Frameworks/QD.framework/Versions/A/QD
0x00007ff81b861000 	/System/Library/Frameworks/ApplicationServices.framework/Versions/A/Frameworks/ColorSyncLegacy.framework/Versions/A/ColorSyncLegacy
0x00007ff81b4cb000 	/System/Library/Frameworks/ApplicationServices.framework/Versions/A/Frameworks/SpeechSynthesis.framework/Versions/A/SpeechSynthesis
0x00007ff81a3a8000 	/System/Library/Frameworks/ApplicationServices.framework/Versions/A/Frameworks/ATSUI.framework/Versions/A/ATSUI
0x00007ff81b7f6000 	/usr/lib/libcups.2.dylib
0x00007ff81bbc5000 	/System/Library/Frameworks/Kerberos.framework/Versions/A/Kerberos
0x00007ff81bbd4000 	/System/Library/Frameworks/GSS.framework/Versions/A/GSS
0x00007ff81b547000 	/usr/lib/libresolv.9.dylib
0x00007ff819905000 	/System/Library/PrivateFrameworks/Heimdal.framework/Versions/A/Heimdal
0x00007ff8227b6000 	/System/Library/Frameworks/Kerberos.framework/Versions/A/Libraries/libHeimdalProxy.dylib
0x00007ff813c06000 	/System/Library/Frameworks/Network.framework/Versions/A/Network
0x00007ff819360000 	/usr/lib/libheimdal-asn1.dylib
0x00007ff81bc1f000 	/System/Library/PrivateFrameworks/CommonAuth.framework/Versions/A/CommonAuth
0x00007ff81b44d000 	/System/Library/PrivateFrameworks/AudioSession.framework/Versions/A/AudioSession
0x00007ff8193f0000 	/System/Library/PrivateFrameworks/MediaExperience.framework/Versions/A/MediaExperience
0x00007ff81b2e0000 	/System/Library/PrivateFrameworks/AudioSession.framework/libSessionUtility.dylib
0x00007ff81b875000 	/System/Library/PrivateFrameworks/AudioResourceArbitration.framework/Versions/A/AudioResourceArbitration
0x00007ff81f8f6000 	/System/Library/PrivateFrameworks/PowerLog.framework/Versions/A/PowerLog
0x00007ff819369000 	/System/Library/PrivateFrameworks/IconFoundation.framework/Versions/A/IconFoundation
0x00007ff81e6ac000 	/System/Library/PrivateFrameworks/SpeechRecognitionCore.framework/Versions/A/SpeechRecognitionCore
0x000000010de11000 	/Users/cem.dirman/.p2/pool/plugins/org.eclipse.justj.openjdk.hotspot.jre.full.macosx.x86_64_18.0.1.v20220515-1614/jre/lib/server/libjvm.dylib
0x000000010cd24000 	/Users/cem.dirman/.p2/pool/plugins/org.eclipse.justj.openjdk.hotspot.jre.full.macosx.x86_64_18.0.1.v20220515-1614/jre/lib/libjimage.dylib
0x000000010cd81000 	/Users/cem.dirman/.p2/pool/plugins/org.eclipse.justj.openjdk.hotspot.jre.full.macosx.x86_64_18.0.1.v20220515-1614/jre/lib/libjdwp.dylib
0x000000010ce2d000 	/Users/cem.dirman/.p2/pool/plugins/org.eclipse.justj.openjdk.hotspot.jre.full.macosx.x86_64_18.0.1.v20220515-1614/jre/lib/libjava.dylib
0x000000010cd3f000 	/Users/cem.dirman/.p2/pool/plugins/org.eclipse.justj.openjdk.hotspot.jre.full.macosx.x86_64_18.0.1.v20220515-1614/jre/lib/libinstrument.dylib
0x000000010d7d8000 	/Users/cem.dirman/.p2/pool/plugins/org.eclipse.justj.openjdk.hotspot.jre.full.macosx.x86_64_18.0.1.v20220515-1614/jre/lib/libzip.dylib
0x000000010d948000 	/Users/cem.dirman/.p2/pool/plugins/org.eclipse.justj.openjdk.hotspot.jre.full.macosx.x86_64_18.0.1.v20220515-1614/jre/lib/libdt_socket.dylib
0x000000010d978000 	/Users/cem.dirman/.p2/pool/plugins/org.eclipse.justj.openjdk.hotspot.jre.full.macosx.x86_64_18.0.1.v20220515-1614/jre/lib/libnio.dylib
0x000000010d9aa000 	/Users/cem.dirman/.p2/pool/plugins/org.eclipse.justj.openjdk.hotspot.jre.full.macosx.x86_64_18.0.1.v20220515-1614/jre/lib/libnet.dylib
0x000000010dab6000 	/Users/cem.dirman/.p2/pool/plugins/org.eclipse.justj.openjdk.hotspot.jre.full.macosx.x86_64_18.0.1.v20220515-1614/jre/lib/libmanagement.dylib
0x000000010dad5000 	/Users/cem.dirman/.p2/pool/plugins/org.eclipse.justj.openjdk.hotspot.jre.full.macosx.x86_64_18.0.1.v20220515-1614/jre/lib/libmanagement_ext.dylib
0x000000010dc6e000 	/Users/cem.dirman/.p2/pool/plugins/org.eclipse.justj.openjdk.hotspot.jre.full.macosx.x86_64_18.0.1.v20220515-1614/jre/lib/libextnet.dylib
0x000000010dcd6000 	/Users/cem.dirman/.p2/pool/plugins/org.eclipse.justj.openjdk.hotspot.jre.full.macosx.x86_64_18.0.1.v20220515-1614/jre/lib/libverify.dylib


VM Arguments:
jvm_args: -XX:+ShowCodeDetailsInExceptionMessages -agentlib:jdwp=transport=dt_socket,suspend=y,address=localhost:60848 -Dcom.sun.management.jmxremote -Dcom.sun.management.jmxremote.port=60847 -Dcom.sun.management.jmxremote.authenticate=false -Dcom.sun.management.jmxremote.ssl=false -Djava.rmi.server.hostname=localhost -Dspring.jmx.enabled=true -Dspring.application.admin.enabled=true -Djava.security.egd=file:/dev/./urandom -XX:TieredStopAtLevel=1 -Dspring.boot.project.name=ReadingIsGood -javaagent:/Users/cem.dirman/eclipse/jee-2022-03/Eclipse.app/Contents/Eclipse/configuration/org.eclipse.osgi/412/0/.cp/lib/javaagent-shaded.jar -Dfile.encoding=UTF-8 
java_command: com.bookshop.ReadingIsGoodApplication
java_class_path (initial): /Users/cem.dirman/eclipse-workspace/ReadingIsGood/target/classes:/Users/cem.dirman/.m2/repository/org/springframework/boot/spring-boot-starter-web/2.7.0/spring-boot-starter-web-2.7.0.jar:/Users/cem.dirman/.m2/repository/org/springframework/boot/spring-boot-starter/2.7.0/spring-boot-starter-2.7.0.jar:/Users/cem.dirman/.m2/repository/org/springframework/boot/spring-boot-starter-logging/2.7.0/spring-boot-starter-logging-2.7.0.jar:/Users/cem.dirman/.m2/repository/ch/qos/logback/logback-classic/1.2.11/logback-classic-1.2.11.jar:/Users/cem.dirman/.m2/repository/ch/qos/logback/logback-core/1.2.11/logback-core-1.2.11.jar:/Users/cem.dirman/.m2/repository/org/apache/logging/log4j/log4j-to-slf4j/2.17.2/log4j-to-slf4j-2.17.2.jar:/Users/cem.dirman/.m2/repository/org/apache/logging/log4j/log4j-api/2.17.2/log4j-api-2.17.2.jar:/Users/cem.dirman/.m2/repository/org/slf4j/jul-to-slf4j/1.7.36/jul-to-slf4j-1.7.36.jar:/Users/cem.dirman/.m2/repository/jakarta/annotation/jakarta.annotation-api/1.3.5/jakarta.annotation-api-1.3.5.jar:/Users/cem.dirman/.m2/repository/org/yaml/snakeyaml/1.30/snakeyaml-1.30.jar:/Users/cem.dirman/.m2/repository/org/springframework/boot/spring-boot-starter-json/2.7.0/spring-boot-starter-json-2.7.0.jar:/Users/cem.dirman/.m2/repository/com/fasterxml/jackson/datatype/jackson-datatype-jdk8/2.13.3/jackson-datatype-jdk8-2.13.3.jar:/Users/cem.dirman/.m2/repository/com/fasterxml/jackson/datatype/jackson-datatype-jsr310/2.13.3/jackson-datatype-jsr310-2.13.3.jar:/Users/cem.dirman/.m2/repository/com/fasterxml/jackson/module/jackson-module-parameter-names/2.13.3/jackson-module-parameter-names-2.13.3.jar:/Users/cem.dirman/.m2/repository/org/springframework/boot/spring-boot-starter-tomcat/2.7.0/spring-boot-starter-tomcat-2.7.0.jar:/Users/cem.dirman/.m2/repository/org/apache/tomcat/embed/tomcat-embed-core/9.0.63/tomcat-embed-core-9.0.63.jar:/Users/cem.dirman/.m2/repository/org/apache/tomcat/embed/tomcat-embed-websocket/9.0.63/tomcat-embed-websocket-9.0.63.jar:/Users/cem.dirman/.m2/repository/org/springframework/spring-web/5.3.20/spring-web-5.3.20.jar:/Users/cem.dirman/.m2/repository/org/springframework/spring-beans/5.3.20/spring-beans-5.3.20.jar:/Users/cem.dirman/.m2/repository/org/springframework/spring-webmvc/5.3.20/spring-webmvc-5.3.20.jar:/Users/cem.dirman/.m2/repository/org/springframework/spring-context/5.3.20/spring-context-5.3.20.jar:/Users/cem.dirman/.m2/repository/org/springframework/spring-expression/5.3.20/spring-expression-5.3.20.jar:/Users/cem.dirman/.m2/repository/org/postgresql/postgresql/42.3.5/postgresql-42.3.5.jar:/Users/cem.dirman/.m2/repository/org/checkerframework/checker-qual/3.5.0/checker-qual-3.5.0.jar:/Users/cem.dirman/.m2/repository/org/springframework/boot/spring-boot-starter-data-jpa/2.7.0/spring-boot-starter-data-jpa-2.7.0.jar:/Users/cem.dirman/.m2/repository/org/springframework/boot/spring-boot-starter-jdbc/2.7.0/spring-boot-starter-jdbc-2.7.0.jar:/Users/cem.dirman/.m2/repository/com/zaxxer/HikariCP/4.0.3/HikariCP-4.0.3.jar:/Users/cem.dirman/.m2/repository/org/springframework/spring-jdbc/5.3.20/spring-jdbc-5.3.20.jar:/Users/cem.dirman/.m2/repository/jakarta/transaction/jakarta.transaction-api/1.3.3/jakarta.transaction-api-1.3.3.jar:/Users/cem.dirman/.m2/repository/jakarta/persistence/jakarta.persistence-api/2.2.3/jakarta.persistence-api-2.2.3.jar:/Users/cem.dirman/.m2/repository/org/hibernate/hibernate-core/5.6.9.Final/hibernate-core-5.6.9.Final.jar:/Users/cem.dirman/.m2/repository/org/jboss/logging/jboss-logging/3.4.3.Final/jboss-logging-3.4.3.Final.jar:/Users/cem.dirman/.m2/repository/net/bytebuddy/byte-buddy/1.12.10/byte-buddy-1.12.10.jar:/Users/cem.dirman/.m2/repository/antlr/antlr/2.7.7/antlr-2.7.7.jar:/Users/cem.dirman/.m2/repository/org/jboss/jandex/2.4.2.Final/jandex-2.4.2.Final.jar:/Users/cem.dirman/.m2/repository/com/fasterxml/classmate/1.5.1/classmate-1.5.1.jar:/Users/cem.dirman/.m2/repository/org/hibernate/common/hibernate-commons-annotations/5.1.2.Final/hibernate-commons-annotations-5.1.2.Final.jar:/Users/cem.dirman/.m2/repository/org/glassfish/jaxb/jaxb-runtime/2.3.6/jaxb-runtime-2.3.6.jar:/Users/cem.dirman/.m2/repository/org/glassfish/jaxb/txw2/2.3.6/txw2-2.3.6.jar:/Users/cem.dirman/.m2/repository/com/sun/istack/istack-commons-runtime/3.0.12/istack-commons-runtime-3.0.12.jar:/Users/cem.dirman/.m2/repository/com/sun/activation/jakarta.activation/1.2.2/jakarta.activation-1.2.2.jar:/Users/cem.dirman/.m2/repository/org/springframework/data/spring-data-jpa/2.7.0/spring-data-jpa-2.7.0.jar:/Users/cem.dirman/.m2/repository/org/springframework/data/spring-data-commons/2.7.0/spring-data-commons-2.7.0.jar:/Users/cem.dirman/.m2/repository/org/springframework/spring-orm/5.3.20/spring-orm-5.3.20.jar:/Users/cem.dirman/.m2/repository/org/springframework/spring-tx/5.3.20/spring-tx-5.3.20.jar:/Users/cem.dirman/.m2/repository/org/slf4j/slf4j-api/1.7.36/slf4j-api-1.7.36.jar:/Users/cem.dirman/.m2/repository/org/springframework/spring-aspects/5.3.20/spring-aspects-5.3.20.jar:/Users/cem.dirman/.m2/repository/org/springframework/boot/spring-boot-starter-aop/2.7.0/spring-boot-starter-aop-2.7.0.jar:/Users/cem.dirman/.m2/repository/org/springframework/spring-aop/5.3.20/spring-aop-5.3.20.jar:/Users/cem.dirman/.m2/repository/org/aspectj/aspectjweaver/1.9.7/aspectjweaver-1.9.7.jar:/Users/cem.dirman/.m2/repository/org/springframework/boot/spring-boot-starter-validation/2.7.0/spring-boot-starter-validation-2.7.0.jar:/Users/cem.dirman/.m2/repository/org/apache/tomcat/embed/tomcat-embed-el/9.0.63/tomcat-embed-el-9.0.63.jar:/Users/cem.dirman/.m2/repository/org/hibernate/validator/hibernate-validator/6.2.3.Final/hibernate-validator-6.2.3.Final.jar:/Users/cem.dirman/.m2/repository/jakarta/validation/jakarta.validation-api/2.0.2/jakarta.validation-api-2.0.2.jar:/Users/cem.dirman/.m2/repository/org/springframework/boot/spring-boot-starter-security/2.7.0/spring-boot-starter-security-2.7.0.jar:/Users/cem.dirman/.m2/repository/org/springframework/security/spring-security-config/5.7.1/spring-security-config-5.7.1.jar:/Users/cem.dirman/.m2/repository/org/springframework/security/spring-security-core/5.7.1/spring-security-core-5.7.1.jar:/Users/cem.dirman/.m2/repository/org/springframework/security/spring-security-crypto/5.7.1/spring-security-crypto-5.7.1.jar:/Users/cem.dirman/.m2/repository/org/springframework/security/spring-security-web/5.7.1/spring-security-web-5.7.1.jar:/Users/cem.dirman/.m2/repository/io/jsonwebtoken/jjwt/0.9.1/jjwt-0.9.1.jar:/Users/cem.dirman/.m2/repository/com/fasterxml/jackson/core/jackson-databind/2.13.3/jackson-databind-2.13.3.jar:/Users/cem.dirman/.m2/repository/com/fasterxml/jackson/core/jackson-annotations/2.13.3/jackson-annotations-2.13.3.jar:/Users/cem.dirman/.m2/repository/com/fasterxml/jackson/core/jackson-core/2.13.3/jackson-core-2.13.3.jar:/Users/cem.dirman/.m2/repository/org/apache/commons/commons-lang3/3.12.0/commons-lang3-3.12.0.jar:/Users/cem.dirman/.m2/repository/org/springframework/boot/spring-boot-devtools/2.7.0/spring-boot-devtools-2.7.0.jar:/Users/cem.dirman/.m2/repository/org/springframework/boot/spring-boot/2.7.0/spring-boot-2.7.0.jar:/Users/cem.dirman/.m2/repository/org/springframework/boot/spring-boot-autoconfigure/2.7.0/spring-boot-autoconfigure-2.7.0.jar:/Users/cem.dirman/.m2/repository/org/projectlombok/lombok/1.18.24/lombok-1.18.24.jar:/Users/cem.dirman/.m2/repository/jakarta/xml/bind/jakarta.xml.bind-api/2.3.3/jakarta.xml.bind-api-2.3.3.jar:/Users/cem.dirman/.m2/repository/jakarta/activation/jakarta.activation-api/1.2.2/jakarta.activation-api-1.2.2.jar:/Users/cem.dirman/.m2/repository/org/springframework/spring-core/5.3.20/spring-core-5.3.20.jar:/Users/cem.dirman/.m2/repository/org/springframework/spring-jcl/5.3.20/spring-jcl-5.3.20.jar
Launcher Type: SUN_STANDARD

[Global flags]
     intx CICompilerCount                          = 4                                         {product} {ergonomic}
     uint ConcGCThreads                            = 2                                         {product} {ergonomic}
     uint G1ConcRefinementThreads                  = 8                                         {product} {ergonomic}
   size_t G1HeapRegionSize                         = 2097152                                   {product} {ergonomic}
    uintx GCDrainStackTargetSize                   = 64                                        {product} {ergonomic}
   size_t InitialHeapSize                          = 268435456                                 {product} {ergonomic}
     bool ManagementServer                         = true                                      {product} {command line}
   size_t MarkStackSize                            = 4194304                                   {product} {ergonomic}
   size_t MaxHeapSize                              = 4294967296                                {product} {ergonomic}
   size_t MaxNewSize                               = 2575302656                                {product} {ergonomic}
   size_t MinHeapDeltaBytes                        = 2097152                                   {product} {ergonomic}
   size_t MinHeapSize                              = 8388608                                   {product} {ergonomic}
    uintx NonProfiledCodeHeapSize                  = 0                                      {pd product} {ergonomic}
     bool ProfileInterpreter                       = false                                  {pd product} {command line}
    uintx ProfiledCodeHeapSize                     = 0                                      {pd product} {ergonomic}
     bool ShowCodeDetailsInExceptionMessages       = true                                   {manageable} {command line}
   size_t SoftMaxHeapSize                          = 4294967296                             {manageable} {ergonomic}
     intx TieredStopAtLevel                        = 1                                         {product} {command line}
     bool UseCompressedClassPointers               = true                           {product lp64_product} {ergonomic}
     bool UseCompressedOops                        = true                           {product lp64_product} {ergonomic}
     bool UseG1GC                                  = true                                      {product} {ergonomic}
     bool UseNUMA                                  = false                                     {product} {ergonomic}
     bool UseNUMAInterleaving                      = false                                     {product} {ergonomic}

Logging:
Log output configuration:
 #0: stdout all=warning uptime,level,tags foldmultilines=false
 #1: stderr all=off uptime,level,tags foldmultilines=false

Environment Variables:
PATH=/usr/bin:/bin:/usr/sbin:/sbin
SHELL=/bin/zsh

Signal Handlers:
   SIGSEGV: _ZL13crash_handleriP9__siginfoPv in libjvm.dylib, mask=11100110100111111111111111111111, flags=SA_RESTART|SA_SIGINFO
    SIGBUS: _ZL13crash_handleriP9__siginfoPv in libjvm.dylib, mask=11100110100111111111111111111111, flags=SA_RESTART|SA_SIGINFO
    SIGFPE: _ZL13crash_handleriP9__siginfoPv in libjvm.dylib, mask=11100110100111111111111111111111, flags=SA_RESTART|SA_SIGINFO
   SIGPIPE: _ZL17javaSignalHandleriP9__siginfoPv in libjvm.dylib, mask=11100110100111111111111111111111, flags=SA_RESTART|SA_SIGINFO
   SIGXFSZ: _ZL17javaSignalHandleriP9__siginfoPv in libjvm.dylib, mask=11100110100111111111111111111111, flags=SA_RESTART|SA_SIGINFO
    SIGILL: _ZL13crash_handleriP9__siginfoPv in libjvm.dylib, mask=11100110100111111111111111111111, flags=SA_RESTART|SA_SIGINFO
   SIGUSR2: _ZL10SR_handleriP9__siginfoP17__darwin_ucontext in libjvm.dylib, mask=00100000000000000000000000000000, flags=SA_RESTART|SA_SIGINFO
    SIGHUP: _ZL11UserHandleriPvS_ in libjvm.dylib, mask=11100110100111111111111111111111, flags=SA_RESTART|SA_SIGINFO
    SIGINT: _ZL11UserHandleriPvS_ in libjvm.dylib, mask=11100110100111111111111111111111, flags=SA_RESTART|SA_SIGINFO
   SIGTERM: _ZL11UserHandleriPvS_ in libjvm.dylib, mask=11100110100111111111111111111111, flags=SA_RESTART|SA_SIGINFO
   SIGQUIT: _ZL11UserHandleriPvS_ in libjvm.dylib, mask=11100110100111111111111111111111, flags=SA_RESTART|SA_SIGINFO
   SIGTRAP: _ZL13crash_handleriP9__siginfoPv in libjvm.dylib, mask=11100110100111111111111111111111, flags=SA_RESTART|SA_SIGINFO


---------------  S Y S T E M  ---------------

OS:
uname: Darwin 21.5.0 Darwin Kernel Version 21.5.0: Tue Apr 26 21:08:29 PDT 2022; root:xnu-8020.121.3~4/RELEASE_ARM64_T8101 x86_64
OS uptime: 3 days 1:44 hours
rlimit (soft/hard): STACK 8176k/65520k , CORE 0k/infinity , NPROC 2666/4000 , NOFILE 10240/infinity , AS infinity/infinity , CPU infinity/infinity , DATA infinity/infinity , FSIZE infinity/infinity , MEMLOCK infinity/infinity , RSS infinity/infinity
load average: 1.63 1.58 1.43

CPU: (EMULATED) total 8 (initial active 8) (1 cores per cpu, 1 threads per core) family 6 model 44 stepping 0 microcode 0x0, cx8, cmov, fxsr, mmx, sse, sse2, sse3, ssse3, sse4.1, sse4.2, popcnt, tsc, tscinvbit, aes, clmul, clflush

Memory: 4k page, physical 16777216k(21640k free), swap 1048576k(939264k free)

vm_info: OpenJDK 64-Bit Server VM (18.0.1+10) for bsd-amd64 JRE (18.0.1+10), built on Apr 21 2022 13:35:47 by "jenkins" with clang 4.2.1 Compatible Apple LLVM 10.0.1 (clang-1001.0.46.4)

END.
